

================================================================
== Vivado HLS Report for 'pool'
================================================================
* Date:           Fri Jan 14 01:37:27 2022

* Version:        2019.1 (Build 2552052 on Fri May 24 15:28:33 MDT 2019)
* Project:        pool
* Solution:       solution1
* Product family: zynq
* Target device:  xc7z020-clg400-1


================================================================
== Performance Estimates
================================================================
+ Timing (ns): 
    * Summary: 
    +--------+-------+----------+------------+
    |  Clock | Target| Estimated| Uncertainty|
    +--------+-------+----------+------------+
    |ap_clk  |  10.00|     8.510|        1.25|
    +--------+-------+----------+------------+

+ Latency (clock cycles): 
    * Summary: 
    +-----+-----+-----+-----+----------+
    |  Latency  |  Interval | Pipeline |
    | min | max | min | max |   Type   |
    +-----+-----+-----+-----+----------+
    |  447|  447|  444|  444| dataflow |
    +-----+-----+-----+-----+----------+

    + Detail: 
        * Instance: 
        N/A

        * Loop: 
        N/A

============================================================
+ Verbose Summary: Synthesis Manager
============================================================
InlineROM: 1
ExposeGlobal: 0
============================================================
+ Verbose Summary: CDFG Model
============================================================
IsTopModel: 1
ResetActiveHigh: 1
IsCombinational: 2
IsDatapathOnly: 0
HasWiredReturn: 1
HasMFsm: 0
HasVarLatency: 1
IsPipeline: 0
IsRtlPipelined: 0
IsInstanceOverlapped: 0
IsDontTouch: 0
HasImplIP: 0
IsGatedGlobalClock: 0


============================================================
+ Verbose Summary: Schedule
============================================================
* Number of FSM states : 8
* Pipeline : 0
* Dataflow Pipeline: 1
  DF-Pipeline-0: Size = 8, States = { 1 2 3 4 5 6 7 8 }

* FSM state transitions: 
1 --> 2 
2 --> 3 
3 --> 4 
4 --> 5 
5 --> 6 
6 --> 7 
7 --> 8 
8 --> 

* FSM state operations: 

State 1 <SV = 0> <Delay = 1.00>
ST_1 : Operation 9 [1/1] (1.00ns)   --->   "%Ky_read = call i32 @_ssdm_op_Read.s_axilite.i32(i32 %Ky)" [pool/pool.cpp:12]   --->   Operation 9 'read' 'Ky_read' <Predicate = true> <Delay = 1.00> <Core = "s_axilite">   --->   Core 10 's_axilite' <Latency = 0> <II = 1> <Delay = 1.00> <Adapter> <Opcode : 'read' 'write'>
ST_1 : Operation 10 [1/1] (1.00ns)   --->   "%Kx_read = call i32 @_ssdm_op_Read.s_axilite.i32(i32 %Kx)" [pool/pool.cpp:12]   --->   Operation 10 'read' 'Kx_read' <Predicate = true> <Delay = 1.00> <Core = "s_axilite">   --->   Core 10 's_axilite' <Latency = 0> <II = 1> <Delay = 1.00> <Adapter> <Opcode : 'read' 'write'>
ST_1 : Operation 11 [1/1] (1.00ns)   --->   "%width_out_read = call i32 @_ssdm_op_Read.s_axilite.i32(i32 %width_out)" [pool/pool.cpp:12]   --->   Operation 11 'read' 'width_out_read' <Predicate = true> <Delay = 1.00> <Core = "s_axilite">   --->   Core 10 's_axilite' <Latency = 0> <II = 1> <Delay = 1.00> <Adapter> <Opcode : 'read' 'write'>
ST_1 : Operation 12 [1/1] (1.00ns)   --->   "%height_out_read = call i32 @_ssdm_op_Read.s_axilite.i32(i32 %height_out)" [pool/pool.cpp:12]   --->   Operation 12 'read' 'height_out_read' <Predicate = true> <Delay = 1.00> <Core = "s_axilite">   --->   Core 10 's_axilite' <Latency = 0> <II = 1> <Delay = 1.00> <Adapter> <Opcode : 'read' 'write'>
ST_1 : Operation 13 [1/1] (1.00ns)   --->   "%width_in_read = call i32 @_ssdm_op_Read.s_axilite.i32(i32 %width_in)" [pool/pool.cpp:12]   --->   Operation 13 'read' 'width_in_read' <Predicate = true> <Delay = 1.00> <Core = "s_axilite">   --->   Core 10 's_axilite' <Latency = 0> <II = 1> <Delay = 1.00> <Adapter> <Opcode : 'read' 'write'>
ST_1 : Operation 14 [1/1] (1.00ns)   --->   "%height_in_read = call i32 @_ssdm_op_Read.s_axilite.i32(i32 %height_in)" [pool/pool.cpp:12]   --->   Operation 14 'read' 'height_in_read' <Predicate = true> <Delay = 1.00> <Core = "s_axilite">   --->   Core 10 's_axilite' <Latency = 0> <II = 1> <Delay = 1.00> <Adapter> <Opcode : 'read' 'write'>
ST_1 : Operation 15 [1/1] (1.00ns)   --->   "%ch_div_K_read = call i32 @_ssdm_op_Read.s_axilite.i32(i32 %ch_div_K)" [pool/pool.cpp:12]   --->   Operation 15 'read' 'ch_div_K_read' <Predicate = true> <Delay = 1.00> <Core = "s_axilite">   --->   Core 10 's_axilite' <Latency = 0> <II = 1> <Delay = 1.00> <Adapter> <Opcode : 'read' 'write'>
ST_1 : Operation 16 [1/1] (0.00ns)   --->   "%width_out_c8 = alloca i32, align 4" [pool/pool.cpp:12]   --->   Operation 16 'alloca' 'width_out_c8' <Predicate = true> <Delay = 0.00> <Core = "FIFO">   --->   Core 32 'FIFO' <Latency = 0> <II = 1> <Delay = 3.63> <Storage> <Opcode : 'read' 'write' 'nbread' 'nbwrite'> <Ports = 0> <Width = 32> <Depth = 2> <FIFO>
ST_1 : Operation 17 [1/1] (0.00ns)   --->   "%ch_div_K_c7 = alloca i32, align 4" [pool/pool.cpp:8]   --->   Operation 17 'alloca' 'ch_div_K_c7' <Predicate = true> <Delay = 0.00> <Core = "FIFO">   --->   Core 32 'FIFO' <Latency = 0> <II = 1> <Delay = 3.63> <Storage> <Opcode : 'read' 'write' 'nbread' 'nbwrite'> <Ports = 0> <Width = 32> <Depth = 2> <FIFO>
ST_1 : Operation 18 [1/1] (0.00ns)   --->   "%Ky_c = alloca i32, align 4" [pool/pool.cpp:14]   --->   Operation 18 'alloca' 'Ky_c' <Predicate = true> <Delay = 0.00> <Core = "FIFO">   --->   Core 32 'FIFO' <Latency = 0> <II = 1> <Delay = 3.63> <Storage> <Opcode : 'read' 'write' 'nbread' 'nbwrite'> <Ports = 0> <Width = 32> <Depth = 2> <FIFO>
ST_1 : Operation 19 [1/1] (0.00ns)   --->   "%width_out_c = alloca i32, align 4" [pool/pool.cpp:12]   --->   Operation 19 'alloca' 'width_out_c' <Predicate = true> <Delay = 0.00> <Core = "FIFO">   --->   Core 32 'FIFO' <Latency = 0> <II = 1> <Delay = 3.63> <Storage> <Opcode : 'read' 'write' 'nbread' 'nbwrite'> <Ports = 0> <Width = 32> <Depth = 2> <FIFO>
ST_1 : Operation 20 [1/1] (0.00ns)   --->   "%height_out_c = alloca i32, align 4" [pool/pool.cpp:11]   --->   Operation 20 'alloca' 'height_out_c' <Predicate = true> <Delay = 0.00> <Core = "FIFO">   --->   Core 32 'FIFO' <Latency = 0> <II = 1> <Delay = 3.63> <Storage> <Opcode : 'read' 'write' 'nbread' 'nbwrite'> <Ports = 0> <Width = 32> <Depth = 2> <FIFO>
ST_1 : Operation 21 [1/1] (0.00ns)   --->   "%height_in_c = alloca i32, align 4" [pool/pool.cpp:9]   --->   Operation 21 'alloca' 'height_in_c' <Predicate = true> <Delay = 0.00> <Core = "FIFO">   --->   Core 32 'FIFO' <Latency = 0> <II = 1> <Delay = 3.63> <Storage> <Opcode : 'read' 'write' 'nbread' 'nbwrite'> <Ports = 0> <Width = 32> <Depth = 2> <FIFO>
ST_1 : Operation 22 [1/1] (0.00ns)   --->   "%ch_div_K_c = alloca i32, align 4" [pool/pool.cpp:8]   --->   Operation 22 'alloca' 'ch_div_K_c' <Predicate = true> <Delay = 0.00> <Core = "FIFO">   --->   Core 32 'FIFO' <Latency = 0> <II = 1> <Delay = 3.63> <Storage> <Opcode : 'read' 'write' 'nbread' 'nbwrite'> <Ports = 0> <Width = 32> <Depth = 2> <FIFO>

State 2 <SV = 1> <Delay = 8.51>
ST_2 : Operation 23 [2/2] (8.51ns)   --->   "call fastcc void @pool_1D54(i128* %in_V_V, i32 %ch_div_K_read, i32 %height_in_read, i32 %width_in_read, i32 %Kx_read, i32 %height_out_read, i32 %width_out_read, i32 %Ky_read, i32* %ch_div_K_c, i32* %height_in_c, i32* %height_out_c, i32* %width_out_c, i32* %Ky_c)" [pool/pool.cpp:34]   --->   Operation 23 'call' <Predicate = true> <Delay = 8.51> <CoreType = "Generic">   --->   Core 0 '' <Latency = 0> <II = 1> <Delay = 1.00> <Generic> <Opcode : >

State 3 <SV = 2> <Delay = 0.00>
ST_3 : Operation 24 [1/2] (0.00ns)   --->   "call fastcc void @pool_1D54(i128* %in_V_V, i32 %ch_div_K_read, i32 %height_in_read, i32 %width_in_read, i32 %Kx_read, i32 %height_out_read, i32 %width_out_read, i32 %Ky_read, i32* %ch_div_K_c, i32* %height_in_c, i32* %height_out_c, i32* %width_out_c, i32* %Ky_c)" [pool/pool.cpp:34]   --->   Operation 24 'call' <Predicate = true> <Delay = 0.00> <CoreType = "Generic">   --->   Core 0 '' <Latency = 0> <II = 1> <Delay = 1.00> <Generic> <Opcode : >

State 4 <SV = 3> <Delay = 0.00>
ST_4 : Operation 25 [2/2] (0.00ns)   --->   "call fastcc void @pool_2D(i32* nocapture %ch_div_K_c, i32* nocapture %height_in_c, i32* nocapture %width_out_c, i32* nocapture %Ky_c, i32* %ch_div_K_c7, i32* %width_out_c8) nounwind uwtable" [pool/pool.cpp:35]   --->   Operation 25 'call' <Predicate = true> <Delay = 0.00> <CoreType = "Generic">   --->   Core 0 '' <Latency = 0> <II = 1> <Delay = 1.00> <Generic> <Opcode : >

State 5 <SV = 4> <Delay = 0.00>
ST_5 : Operation 26 [1/2] (0.00ns)   --->   "call fastcc void @pool_2D(i32* nocapture %ch_div_K_c, i32* nocapture %height_in_c, i32* nocapture %width_out_c, i32* nocapture %Ky_c, i32* %ch_div_K_c7, i32* %width_out_c8) nounwind uwtable" [pool/pool.cpp:35]   --->   Operation 26 'call' <Predicate = true> <Delay = 0.00> <CoreType = "Generic">   --->   Core 0 '' <Latency = 0> <II = 1> <Delay = 1.00> <Generic> <Opcode : >

State 6 <SV = 5> <Delay = 0.00>
ST_6 : Operation 27 [2/2] (0.00ns)   --->   "call fastcc void @hs2axis(i128* %out_V_data_V, i1* %out_V_last, i32* nocapture %ch_div_K_c7, i32* nocapture %height_out_c, i32* nocapture %width_out_c8)" [pool/pool.cpp:36]   --->   Operation 27 'call' <Predicate = true> <Delay = 0.00> <CoreType = "Generic">   --->   Core 0 '' <Latency = 0> <II = 1> <Delay = 1.00> <Generic> <Opcode : >

State 7 <SV = 6> <Delay = 0.00>
ST_7 : Operation 28 [1/2] (0.00ns)   --->   "call fastcc void @hs2axis(i128* %out_V_data_V, i1* %out_V_last, i32* nocapture %ch_div_K_c7, i32* nocapture %height_out_c, i32* nocapture %width_out_c8)" [pool/pool.cpp:36]   --->   Operation 28 'call' <Predicate = true> <Delay = 0.00> <CoreType = "Generic">   --->   Core 0 '' <Latency = 0> <II = 1> <Delay = 1.00> <Generic> <Opcode : >

State 8 <SV = 7> <Delay = 0.00>
ST_8 : Operation 29 [1/1] (0.00ns)   --->   "call void (...)* @_ssdm_op_SpecDataflowPipeline(i32 -1, i32 0, [1 x i8]* @p_str2) nounwind" [pool/pool.cpp:28]   --->   Operation 29 'specdataflowpipeline' <Predicate = true> <Delay = 0.00>
ST_8 : Operation 30 [1/1] (0.00ns)   --->   "%empty = call i32 (...)* @_ssdm_op_SpecChannel([14 x i8]* @stream_tp_OC_V_OC_V_s, i32 1, [1 x i8]* @p_str47, [1 x i8]* @p_str47, i32 8, i32 8, i128* @stream_tp_V_V, i128* @stream_tp_V_V)"   --->   Operation 30 'specchannel' 'empty' <Predicate = true> <Delay = 0.00>
ST_8 : Operation 31 [1/1] (0.00ns)   --->   "call void (...)* @_ssdm_op_SpecInterface(i128* @stream_tp_V_V, [8 x i8]* @ap_fifo_str, i32 0, i32 0, [1 x i8]* @p_str48, i32 0, i32 0, [1 x i8]* @p_str49, [1 x i8]* @p_str50, [1 x i8]* @p_str51, i32 2, i32 2, i32 16, i32 16, [1 x i8]* @p_str52, [1 x i8]* @p_str53)"   --->   Operation 31 'specinterface' <Predicate = true> <Delay = 0.00>
ST_8 : Operation 32 [1/1] (0.00ns)   --->   "%empty_7 = call i32 (...)* @_ssdm_op_SpecChannel([15 x i8]* @stream_tp2_OC_V_OC_V, i32 1, [1 x i8]* @p_str40, [1 x i8]* @p_str40, i32 2, i32 2, i128* @stream_tp2_V_V, i128* @stream_tp2_V_V)"   --->   Operation 32 'specchannel' 'empty_7' <Predicate = true> <Delay = 0.00>
ST_8 : Operation 33 [1/1] (0.00ns)   --->   "call void (...)* @_ssdm_op_SpecInterface(i128* @stream_tp2_V_V, [8 x i8]* @ap_fifo_str, i32 0, i32 0, [1 x i8]* @p_str41, i32 0, i32 0, [1 x i8]* @p_str42, [1 x i8]* @p_str43, [1 x i8]* @p_str44, i32 2, i32 2, i32 16, i32 16, [1 x i8]* @p_str45, [1 x i8]* @p_str46)"   --->   Operation 33 'specinterface' <Predicate = true> <Delay = 0.00>
ST_8 : Operation 34 [1/1] (0.00ns)   --->   "call void (...)* @_ssdm_op_SpecBitsMap(i128* %in_V_V), !map !73"   --->   Operation 34 'specbitsmap' <Predicate = true> <Delay = 0.00>
ST_8 : Operation 35 [1/1] (0.00ns)   --->   "call void (...)* @_ssdm_op_SpecBitsMap(i128* %out_V_data_V), !map !77"   --->   Operation 35 'specbitsmap' <Predicate = true> <Delay = 0.00>
ST_8 : Operation 36 [1/1] (0.00ns)   --->   "call void (...)* @_ssdm_op_SpecBitsMap(i1* %out_V_last), !map !81"   --->   Operation 36 'specbitsmap' <Predicate = true> <Delay = 0.00>
ST_8 : Operation 37 [1/1] (0.00ns)   --->   "call void (...)* @_ssdm_op_SpecBitsMap(i32 %ch_div_K), !map !85"   --->   Operation 37 'specbitsmap' <Predicate = true> <Delay = 0.00>
ST_8 : Operation 38 [1/1] (0.00ns)   --->   "call void (...)* @_ssdm_op_SpecBitsMap(i32 %height_in), !map !91"   --->   Operation 38 'specbitsmap' <Predicate = true> <Delay = 0.00>
ST_8 : Operation 39 [1/1] (0.00ns)   --->   "call void (...)* @_ssdm_op_SpecBitsMap(i32 %width_in), !map !95"   --->   Operation 39 'specbitsmap' <Predicate = true> <Delay = 0.00>
ST_8 : Operation 40 [1/1] (0.00ns)   --->   "call void (...)* @_ssdm_op_SpecBitsMap(i32 %height_out), !map !99"   --->   Operation 40 'specbitsmap' <Predicate = true> <Delay = 0.00>
ST_8 : Operation 41 [1/1] (0.00ns)   --->   "call void (...)* @_ssdm_op_SpecBitsMap(i32 %width_out), !map !103"   --->   Operation 41 'specbitsmap' <Predicate = true> <Delay = 0.00>
ST_8 : Operation 42 [1/1] (0.00ns)   --->   "call void (...)* @_ssdm_op_SpecBitsMap(i32 %Kx), !map !107"   --->   Operation 42 'specbitsmap' <Predicate = true> <Delay = 0.00>
ST_8 : Operation 43 [1/1] (0.00ns)   --->   "call void (...)* @_ssdm_op_SpecBitsMap(i32 %Ky), !map !111"   --->   Operation 43 'specbitsmap' <Predicate = true> <Delay = 0.00>
ST_8 : Operation 44 [1/1] (0.00ns)   --->   "call void (...)* @_ssdm_op_SpecTopModule([5 x i8]* @pool_str) nounwind"   --->   Operation 44 'spectopmodule' <Predicate = true> <Delay = 0.00>
ST_8 : Operation 45 [1/1] (0.00ns)   --->   "call void (...)* @_ssdm_op_SpecInterface(i128* %out_V_data_V, i1* %out_V_last, [5 x i8]* @p_str, i32 1, i32 1, [5 x i8]* @p_str1, i32 0, i32 0, [1 x i8]* @p_str2, [1 x i8]* @p_str2, [1 x i8]* @p_str2, i32 0, i32 0, i32 0, i32 0, [1 x i8]* @p_str2, [1 x i8]* @p_str2) nounwind" [pool/pool.cpp:17]   --->   Operation 45 'specinterface' <Predicate = true> <Delay = 0.00>
ST_8 : Operation 46 [1/1] (0.00ns)   --->   "call void (...)* @_ssdm_op_SpecInterface(i128* %in_V_V, [5 x i8]* @p_str, i32 1, i32 1, [5 x i8]* @p_str1, i32 0, i32 0, [1 x i8]* @p_str2, [1 x i8]* @p_str2, [1 x i8]* @p_str2, i32 0, i32 0, i32 0, i32 0, [1 x i8]* @p_str2, [1 x i8]* @p_str2) nounwind" [pool/pool.cpp:18]   --->   Operation 46 'specinterface' <Predicate = true> <Delay = 0.00>
ST_8 : Operation 47 [1/1] (0.00ns)   --->   "call void (...)* @_ssdm_op_SpecInterface(i32 0, [10 x i8]* @p_str3, i32 0, i32 0, [1 x i8]* @p_str2, i32 0, i32 0, [1 x i8]* @p_str2, [1 x i8]* @p_str2, [1 x i8]* @p_str2, i32 0, i32 0, i32 0, i32 0, [1 x i8]* @p_str2, [1 x i8]* @p_str2) nounwind" [pool/pool.cpp:19]   --->   Operation 47 'specinterface' <Predicate = true> <Delay = 0.00>
ST_8 : Operation 48 [1/1] (0.00ns)   --->   "call void (...)* @_ssdm_op_SpecInterface(i32 %Ky, [10 x i8]* @p_str3, i32 0, i32 0, [1 x i8]* @p_str2, i32 0, i32 0, [1 x i8]* @p_str2, [1 x i8]* @p_str2, [1 x i8]* @p_str2, i32 0, i32 0, i32 0, i32 0, [1 x i8]* @p_str2, [1 x i8]* @p_str2) nounwind" [pool/pool.cpp:20]   --->   Operation 48 'specinterface' <Predicate = true> <Delay = 0.00>
ST_8 : Operation 49 [1/1] (0.00ns)   --->   "call void (...)* @_ssdm_op_SpecInterface(i32 %width_in, [10 x i8]* @p_str3, i32 0, i32 0, [1 x i8]* @p_str2, i32 0, i32 0, [1 x i8]* @p_str2, [1 x i8]* @p_str2, [1 x i8]* @p_str2, i32 0, i32 0, i32 0, i32 0, [1 x i8]* @p_str2, [1 x i8]* @p_str2) nounwind" [pool/pool.cpp:21]   --->   Operation 49 'specinterface' <Predicate = true> <Delay = 0.00>
ST_8 : Operation 50 [1/1] (0.00ns)   --->   "call void (...)* @_ssdm_op_SpecInterface(i32 %Kx, [10 x i8]* @p_str3, i32 0, i32 0, [1 x i8]* @p_str2, i32 0, i32 0, [1 x i8]* @p_str2, [1 x i8]* @p_str2, [1 x i8]* @p_str2, i32 0, i32 0, i32 0, i32 0, [1 x i8]* @p_str2, [1 x i8]* @p_str2) nounwind" [pool/pool.cpp:22]   --->   Operation 50 'specinterface' <Predicate = true> <Delay = 0.00>
ST_8 : Operation 51 [1/1] (0.00ns)   --->   "call void (...)* @_ssdm_op_SpecInterface(i32 %height_in, [10 x i8]* @p_str3, i32 0, i32 0, [1 x i8]* @p_str2, i32 0, i32 0, [1 x i8]* @p_str2, [1 x i8]* @p_str2, [1 x i8]* @p_str2, i32 0, i32 0, i32 0, i32 0, [1 x i8]* @p_str2, [1 x i8]* @p_str2) nounwind" [pool/pool.cpp:23]   --->   Operation 51 'specinterface' <Predicate = true> <Delay = 0.00>
ST_8 : Operation 52 [1/1] (0.00ns)   --->   "call void (...)* @_ssdm_op_SpecInterface(i32 %height_out, [10 x i8]* @p_str3, i32 0, i32 0, [1 x i8]* @p_str2, i32 0, i32 0, [1 x i8]* @p_str2, [1 x i8]* @p_str2, [1 x i8]* @p_str2, i32 0, i32 0, i32 0, i32 0, [1 x i8]* @p_str2, [1 x i8]* @p_str2) nounwind" [pool/pool.cpp:24]   --->   Operation 52 'specinterface' <Predicate = true> <Delay = 0.00>
ST_8 : Operation 53 [1/1] (0.00ns)   --->   "call void (...)* @_ssdm_op_SpecInterface(i32 %width_out, [10 x i8]* @p_str3, i32 0, i32 0, [1 x i8]* @p_str2, i32 0, i32 0, [1 x i8]* @p_str2, [1 x i8]* @p_str2, [1 x i8]* @p_str2, i32 0, i32 0, i32 0, i32 0, [1 x i8]* @p_str2, [1 x i8]* @p_str2) nounwind" [pool/pool.cpp:25]   --->   Operation 53 'specinterface' <Predicate = true> <Delay = 0.00>
ST_8 : Operation 54 [1/1] (0.00ns)   --->   "call void (...)* @_ssdm_op_SpecInterface(i32 %ch_div_K, [10 x i8]* @p_str3, i32 0, i32 0, [1 x i8]* @p_str2, i32 0, i32 0, [1 x i8]* @p_str2, [1 x i8]* @p_str2, [1 x i8]* @p_str2, i32 0, i32 0, i32 0, i32 0, [1 x i8]* @p_str2, [1 x i8]* @p_str2) nounwind" [pool/pool.cpp:26]   --->   Operation 54 'specinterface' <Predicate = true> <Delay = 0.00>
ST_8 : Operation 55 [1/1] (0.00ns)   --->   "%empty_8 = call i32 (...)* @_ssdm_op_SpecChannel([11 x i8]* @ch_div_K_c_str, i32 1, [1 x i8]* @p_str81, [1 x i8]* @p_str81, i32 2, i32 0, i32* %ch_div_K_c, i32* %ch_div_K_c)" [pool/pool.cpp:8]   --->   Operation 55 'specchannel' 'empty_8' <Predicate = true> <Delay = 0.00>
ST_8 : Operation 56 [1/1] (0.00ns)   --->   "call void (...)* @_ssdm_op_SpecInterface(i32* %ch_div_K_c, [8 x i8]* @ap_fifo_str, i32 0, i32 0, [1 x i8]* @p_str82, i32 0, i32 0, [1 x i8]* @p_str83, [1 x i8]* @p_str84, [1 x i8]* @p_str85, i32 2, i32 2, i32 16, i32 16, [1 x i8]* @p_str86, [1 x i8]* @p_str87)" [pool/pool.cpp:8]   --->   Operation 56 'specinterface' <Predicate = true> <Delay = 0.00>
ST_8 : Operation 57 [1/1] (0.00ns)   --->   "%empty_9 = call i32 (...)* @_ssdm_op_SpecChannel([12 x i8]* @height_in_c_str, i32 1, [1 x i8]* @p_str88, [1 x i8]* @p_str88, i32 2, i32 0, i32* %height_in_c, i32* %height_in_c)" [pool/pool.cpp:9]   --->   Operation 57 'specchannel' 'empty_9' <Predicate = true> <Delay = 0.00>
ST_8 : Operation 58 [1/1] (0.00ns)   --->   "call void (...)* @_ssdm_op_SpecInterface(i32* %height_in_c, [8 x i8]* @ap_fifo_str, i32 0, i32 0, [1 x i8]* @p_str89, i32 0, i32 0, [1 x i8]* @p_str90, [1 x i8]* @p_str91, [1 x i8]* @p_str92, i32 2, i32 2, i32 16, i32 16, [1 x i8]* @p_str93, [1 x i8]* @p_str94)" [pool/pool.cpp:9]   --->   Operation 58 'specinterface' <Predicate = true> <Delay = 0.00>
ST_8 : Operation 59 [1/1] (0.00ns)   --->   "%empty_10 = call i32 (...)* @_ssdm_op_SpecChannel([13 x i8]* @height_out_c_str, i32 1, [1 x i8]* @p_str95, [1 x i8]* @p_str95, i32 3, i32 0, i32* %height_out_c, i32* %height_out_c)" [pool/pool.cpp:11]   --->   Operation 59 'specchannel' 'empty_10' <Predicate = true> <Delay = 0.00>
ST_8 : Operation 60 [1/1] (0.00ns)   --->   "call void (...)* @_ssdm_op_SpecInterface(i32* %height_out_c, [8 x i8]* @ap_fifo_str, i32 0, i32 0, [1 x i8]* @p_str96, i32 0, i32 0, [1 x i8]* @p_str97, [1 x i8]* @p_str98, [1 x i8]* @p_str99, i32 2, i32 2, i32 16, i32 16, [1 x i8]* @p_str100, [1 x i8]* @p_str101)" [pool/pool.cpp:11]   --->   Operation 60 'specinterface' <Predicate = true> <Delay = 0.00>
ST_8 : Operation 61 [1/1] (0.00ns)   --->   "%empty_11 = call i32 (...)* @_ssdm_op_SpecChannel([12 x i8]* @width_out_c_str, i32 1, [1 x i8]* @p_str102, [1 x i8]* @p_str102, i32 2, i32 0, i32* %width_out_c, i32* %width_out_c)" [pool/pool.cpp:12]   --->   Operation 61 'specchannel' 'empty_11' <Predicate = true> <Delay = 0.00>
ST_8 : Operation 62 [1/1] (0.00ns)   --->   "call void (...)* @_ssdm_op_SpecInterface(i32* %width_out_c, [8 x i8]* @ap_fifo_str, i32 0, i32 0, [1 x i8]* @p_str103, i32 0, i32 0, [1 x i8]* @p_str104, [1 x i8]* @p_str105, [1 x i8]* @p_str106, i32 2, i32 2, i32 16, i32 16, [1 x i8]* @p_str107, [1 x i8]* @p_str108)" [pool/pool.cpp:12]   --->   Operation 62 'specinterface' <Predicate = true> <Delay = 0.00>
ST_8 : Operation 63 [1/1] (0.00ns)   --->   "%empty_12 = call i32 (...)* @_ssdm_op_SpecChannel([5 x i8]* @Ky_c_str, i32 1, [1 x i8]* @p_str109, [1 x i8]* @p_str109, i32 2, i32 0, i32* %Ky_c, i32* %Ky_c)" [pool/pool.cpp:14]   --->   Operation 63 'specchannel' 'empty_12' <Predicate = true> <Delay = 0.00>
ST_8 : Operation 64 [1/1] (0.00ns)   --->   "call void (...)* @_ssdm_op_SpecInterface(i32* %Ky_c, [8 x i8]* @ap_fifo_str, i32 0, i32 0, [1 x i8]* @p_str110, i32 0, i32 0, [1 x i8]* @p_str111, [1 x i8]* @p_str112, [1 x i8]* @p_str113, i32 2, i32 2, i32 16, i32 16, [1 x i8]* @p_str114, [1 x i8]* @p_str115)" [pool/pool.cpp:14]   --->   Operation 64 'specinterface' <Predicate = true> <Delay = 0.00>
ST_8 : Operation 65 [1/1] (0.00ns)   --->   "%empty_13 = call i32 (...)* @_ssdm_op_SpecChannel([12 x i8]* @ch_div_K_c7_str, i32 1, [1 x i8]* @p_str147, [1 x i8]* @p_str147, i32 2, i32 0, i32* %ch_div_K_c7, i32* %ch_div_K_c7)" [pool/pool.cpp:8]   --->   Operation 65 'specchannel' 'empty_13' <Predicate = true> <Delay = 0.00>
ST_8 : Operation 66 [1/1] (0.00ns)   --->   "call void (...)* @_ssdm_op_SpecInterface(i32* %ch_div_K_c7, [8 x i8]* @ap_fifo_str, i32 0, i32 0, [1 x i8]* @p_str148, i32 0, i32 0, [1 x i8]* @p_str149, [1 x i8]* @p_str150, [1 x i8]* @p_str151, i32 2, i32 2, i32 16, i32 16, [1 x i8]* @p_str152, [1 x i8]* @p_str153)" [pool/pool.cpp:8]   --->   Operation 66 'specinterface' <Predicate = true> <Delay = 0.00>
ST_8 : Operation 67 [1/1] (0.00ns)   --->   "%empty_14 = call i32 (...)* @_ssdm_op_SpecChannel([13 x i8]* @width_out_c8_str, i32 1, [1 x i8]* @p_str154, [1 x i8]* @p_str154, i32 2, i32 0, i32* %width_out_c8, i32* %width_out_c8)" [pool/pool.cpp:12]   --->   Operation 67 'specchannel' 'empty_14' <Predicate = true> <Delay = 0.00>
ST_8 : Operation 68 [1/1] (0.00ns)   --->   "call void (...)* @_ssdm_op_SpecInterface(i32* %width_out_c8, [8 x i8]* @ap_fifo_str, i32 0, i32 0, [1 x i8]* @p_str155, i32 0, i32 0, [1 x i8]* @p_str156, [1 x i8]* @p_str157, [1 x i8]* @p_str158, i32 2, i32 2, i32 16, i32 16, [1 x i8]* @p_str159, [1 x i8]* @p_str160)" [pool/pool.cpp:12]   --->   Operation 68 'specinterface' <Predicate = true> <Delay = 0.00>
ST_8 : Operation 69 [1/1] (0.00ns)   --->   "ret void" [pool/pool.cpp:37]   --->   Operation 69 'ret' <Predicate = true> <Delay = 0.00>


============================================================
+ Verbose Summary: Timing violations
============================================================
Target clock period: 10ns, clock uncertainty: 1.25ns.

 <State 1>: 1ns
The critical path consists of the following:
	s_axi read on port 'Ky' (pool/pool.cpp:12) [14]  (1 ns)

 <State 2>: 8.51ns
The critical path consists of the following:
	'call' operation ('call_ln34', pool/pool.cpp:34) to 'pool_1D54' [64]  (8.51 ns)

 <State 3>: 0ns
The critical path consists of the following:

 <State 4>: 0ns
The critical path consists of the following:

 <State 5>: 0ns
The critical path consists of the following:

 <State 6>: 0ns
The critical path consists of the following:

 <State 7>: 0ns
The critical path consists of the following:

 <State 8>: 0ns
The critical path consists of the following:


============================================================
+ Verbose Summary: Binding
============================================================
N/A
* FSMD analyzer results:
  - Output states:
 - Input state : 
  - Chain level:
	State 1
	State 2
	State 3
	State 4
	State 5
	State 6
	State 7
	State 8


============================================================
+ Verbose Summary: Datapath Resource usage 
============================================================
N/A
