INFO-FLOW: Workspace F:/BEng_Project/HLS_PRJ/v2/conv/conv/solution1 opened at Sun Jan 16 09:34:50 +0000 2022
Execute     config_clock -quiet -name default -period 20 -default=false 
INFO: [SYN 201-201] Setting up clock 'default' with a period of 20ns.
Execute     open_platform DefaultPlatform 
Execute     import_lib D:/Xilinx/Vivado/2019.1/common/technology/xilinx/zynq/zynq 
Execute       source D:/Xilinx/Vivado/2019.1/common/technology/xilinx/common/xilinx.lib 
Execute         source D:/Xilinx/Vivado/2019.1/common/technology/xilinx/interface/xilinx_interface.lib 
Execute           source D:/Xilinx/Vivado/2019.1/common/technology/xilinx/interface/plb46.lib 
Execute           source D:/Xilinx/Vivado/2019.1/common/technology/xilinx/interface/fsl.lib 
Execute           source D:/Xilinx/Vivado/2019.1/common/technology/xilinx/interface/axi4.lib 
Execute           source D:/Xilinx/Vivado/2019.1/common/technology/xilinx/interface/maxi.lib 
Execute           source D:/Xilinx/Vivado/2019.1/common/technology/xilinx/interface/saxilite.lib 
Execute         source D:/Xilinx/Vivado/2019.1/common/technology/xilinx/common/dsp48.lib 
Execute         source D:/Xilinx/Vivado/2019.1/common/technology/xilinx/ip/dds_compiler.lib 
Execute         source D:/Xilinx/Vivado/2019.1/common/technology/xilinx/ip/xfft.lib 
Execute         source D:/Xilinx/Vivado/2019.1/common/technology/xilinx/ip/xfir.lib 
Execute       source D:/Xilinx/Vivado/2019.1/common/technology/xilinx/common/xilinx.hlp 
Execute         source D:/Xilinx/Vivado/2019.1/common/technology/xilinx/common/target_info.tcl 
Execute         source D:/Xilinx/Vivado/2019.1/common/technology/xilinx/interface/xilinx_interface.hlp 
Execute           source D:/Xilinx/Vivado/2019.1/common/technology/xilinx/interface/maxi.hlp 
Execute           source D:/Xilinx/Vivado/2019.1/common/technology/xilinx/interface/saxilite.hlp 
Execute         source D:/Xilinx/Vivado/2019.1/common/technology/xilinx/common/dsp48.hlp 
Execute       source D:/Xilinx/Vivado/2019.1/common/technology/xilinx/zynq/dsp48e1.hlp 
Execute       source D:/Xilinx/Vivado/2019.1/common/technology/xilinx/common/xilinx.hlp 
Execute         source D:/Xilinx/Vivado/2019.1/common/technology/xilinx/common/target_info.tcl 
Execute         source D:/Xilinx/Vivado/2019.1/common/technology/xilinx/interface/xilinx_interface.hlp 
Execute           source D:/Xilinx/Vivado/2019.1/common/technology/xilinx/interface/maxi.hlp 
Execute           source D:/Xilinx/Vivado/2019.1/common/technology/xilinx/interface/saxilite.hlp 
Execute         source D:/Xilinx/Vivado/2019.1/common/technology/xilinx/common/dsp48.hlp 
Execute     source D:/Xilinx/Vivado/2019.1/common/technology/xilinx/zynq/zynq.gen 
Execute       source D:/Xilinx/Vivado/2019.1/common/technology/xilinx/common/xilinx.gen 
Execute         source D:/Xilinx/Vivado/2019.1/common/technology/xilinx/interface/plb46.gen 
Execute         source D:/Xilinx/Vivado/2019.1/common/technology/xilinx/interface/fsl.gen 
Execute         source D:/Xilinx/Vivado/2019.1/common/technology/xilinx/interface/axi4.gen 
Execute         source D:/Xilinx/Vivado/2019.1/common/technology/xilinx/interface/nativeAXI4.gen 
Execute           source D:/Xilinx/Vivado/2019.1/common/technology/xilinx/interface/saxilite.gen 
Execute           source D:/Xilinx/Vivado/2019.1/common/technology/xilinx/interface/maxi.gen 
Execute         source D:/Xilinx/Vivado/2019.1/common/technology/xilinx/scripts/xilinxcoregen.gen 
Execute         source D:/Xilinx/Vivado/2019.1/common/technology/xilinx/interface/XilEDKCoreGen.gen 
Execute         source D:/Xilinx/Vivado/2019.1/common/technology/xilinx/ip/dds_compiler.gen 
Execute         source D:/Xilinx/Vivado/2019.1/common/technology/xilinx/ip/util.gen 
Execute         source D:/Xilinx/Vivado/2019.1/common/technology/xilinx/ip/xfft.gen 
Execute         source D:/Xilinx/Vivado/2019.1/common/technology/xilinx/ip/xfir.gen 
Execute         source D:/Xilinx/Vivado/2019.1/common/technology/xilinx/common/dsp48.gen 
Command       ap_source done; 0.123 sec.
Command     ap_source done; 0.123 sec.
Execute     open_platform DefaultPlatform 
Execute     import_lib D:/Xilinx/Vivado/2019.1/common/technology/xilinx/zynq/zynq_fpv6 
Execute       source D:/Xilinx/Vivado/2019.1/common/technology/xilinx/common/xilinx_fp.lib 
Execute       source D:/Xilinx/Vivado/2019.1/common/technology/xilinx/common/xilinx_fp.hlp 
Execute         source D:/Xilinx/Vivado/2019.1/common/technology/xilinx/common/xilinx.hlp 
Execute           source D:/Xilinx/Vivado/2019.1/common/technology/xilinx/common/target_info.tcl 
Execute           source D:/Xilinx/Vivado/2019.1/common/technology/xilinx/interface/xilinx_interface.hlp 
Execute             source D:/Xilinx/Vivado/2019.1/common/technology/xilinx/interface/maxi.hlp 
Execute             source D:/Xilinx/Vivado/2019.1/common/technology/xilinx/interface/saxilite.hlp 
Execute           source D:/Xilinx/Vivado/2019.1/common/technology/xilinx/common/dsp48.hlp 
Execute     source D:/Xilinx/Vivado/2019.1/common/technology/xilinx/zynq/zynq_fpv6.gen 
Execute       source D:/Xilinx/Vivado/2019.1/common/technology/xilinx/common/xilinx_fp.gen 
Execute     set_part xc7z020-clg400-1 
Execute       ap_part_info -name xc7z020-clg400-1 -data single -quiet 
Command       ap_part_info done; 0.205 sec.
Execute       ap_part_info -name xc7z020-clg400-1 -data info 
Execute       add_library xilinx/zynq/zynq:xc7z020:-clg400:-1 
Execute         get_default_platform 
Execute         license_isbetapart xc7z020 
Command         license_isbetapart done; error code: 1; 
Execute         ap_part_info -data single -name xc7z020-clg400-1 
Execute         ap_part_info -name xc7z020-clg400-1 -data resources 
Execute         ap_part_info -name xc7z020-clg400-1 -data info 
Execute         ap_part_info -name xc7z020-clg400-1 -data info 
Execute         config_chip_info -quiet -resource {SLICE 13300} {LUT 53200} {FF 106400} {DSP48E 220} {BRAM 280} {URAM 0} 
Execute         ap_part_info -name xc7z020-clg400-1 -data info 
Execute         config_chip_info -quiet -speed slow 
Execute       add_library xilinx/zynq/zynq_fpv6 
Execute         get_default_platform 
INFO: [HLS 200-10] Setting target device to 'xc7z020-clg400-1'
Execute       ap_part_info -name xc7z020-clg400-1 -data info 
Execute       get_default_platform 
Command     set_part done; 0.299 sec.
Execute     ap_part_info -data single -name xc7z020-clg400-1 
Execute     ap_part_info -name xc7z020-clg400-1 -data resources 
Execute     ap_part_info -name xc7z020-clg400-1 -data info 
Execute     ap_part_info -name xc7z020-clg400-1 -data info 
Execute     config_chip_info -quiet -resource {SLICE 13300} {LUT 53200} {FF 106400} {DSP48E 220} {BRAM 280} {URAM 0} 
Execute     ap_part_info -name xc7z020-clg400-1 -data info 
Execute     config_chip_info -quiet -speed slow 
Execute     config_export -format=ip_catalog 
Execute     config_export -rtl=verilog 
Execute     config_export -version=0.0.0 
Command   open_solution done; 0.488 sec.
Execute   set_part xc7z020-clg400-1 -tool vivado 
Execute     ap_part_info -name xc7z020-clg400-1 -data single -quiet 
Execute     ap_part_info -name xc7z020-clg400-1 -data info 
Execute     add_library xilinx/zynq/zynq:xc7z020:-clg400:-1 
Execute       get_default_platform 
Execute       license_isbetapart xc7z020 
Command       license_isbetapart done; error code: 1; 
Execute       ap_part_info -data single -name xc7z020-clg400-1 
Execute       ap_part_info -name xc7z020-clg400-1 -data resources 
Execute       ap_part_info -name xc7z020-clg400-1 -data info 
Execute       ap_part_info -name xc7z020-clg400-1 -data info 
Execute       config_chip_info -quiet -resource {SLICE 13300} {LUT 53200} {FF 106400} {DSP48E 220} {BRAM 280} {URAM 0} 
Execute       ap_part_info -name xc7z020-clg400-1 -data info 
Execute       config_chip_info -quiet -speed slow 
Execute     add_library xilinx/zynq/zynq_fpv6 
Execute       get_default_platform 
Execute     ap_part_info -name xc7z020-clg400-1 -data info 
Execute     get_default_platform 
Execute   create_clock -period 20 -name default 
Execute   config_export -format ip_catalog -rtl verilog -version 0.0.0 
Execute   csynth_design 
Execute     get_config_compile -dump_cfg 
Execute     get_config_compile -effort 
Execute     get_config_compile -enable_clang39 
Execute     get_config_compile -g 
Execute     get_config_compile -ng 
Execute     get_config_compile -opt_fp 
Execute     get_config_compile -skip_cdt 
Execute     get_config_compile -skip_syncheck 
Execute     get_config_compile -skip_transform 
Execute     get_config_compile -keep_printf 
Execute     elaborate -effort=medium -skip_syncheck=0 -keep_printf=0 -skip_cdt=0 -skip_transform=0 -ng=0 -g=0 -opt_fp=0 -from_csynth_design=1 
Execute       get_config_schedule -relax_ii_for_timing 
INFO: [SCHED 204-61] Option 'relax_ii_for_timing' is enabled, will increase II to preserve clock frequency constraints.
Execute       get_config_schedule -suppress_dependence_error_break 
INFO: [HLS 200-10] Analyzing design file 'conv/conv.cpp' ... 
INFO-FLOW: Compiling one TU...
Execute       is_m_axi_addr64 
INFO-FLOW: Handling conv/conv.cpp as C++
Execute       ap_part_info -name xc7z020-clg400-1 -data info 
Execute       is_encrypted conv/conv.cpp 
Execute       ap_part_info -name xc7z020-clg400-1 -data info 
INFO-FLOW: Running: GCC PP
INFO-FLOW: Source preprocessing
Execute       clang  -fno-limit-debug-info -gcc-toolchain "D:/Xilinx/Vivado/2019.1/msys" -hls  -fno-exceptions  -D__llvm__  -E "conv/conv.cpp"     -fno-math-errno -c -emit-llvm -O0  -mllvm -disable-llvm-optzns -fno-threadsafe-statics  -fno-use-cxa-atexit  -fno-threadsafe-statics -fno-use-cxa-atexit -D__CLANG_3_1__ -D__cdecl= -DAESL_SYN -D__SYNTHESIS__ -D__HLS_SYN__ -I "D:/Xilinx/Vivado/2019.1/common/technology/autopilot" -I "D:/Xilinx/Vivado/2019.1/common/technology/autopilot/ap_sysc" -include etc/autopilot_ssdm_op.h -D__DSP48E1__  -o "F:/BEng_Project/HLS_PRJ/v2/conv/conv/solution1/.autopilot/db/conv.pp.0.cpp" 
INFO-FLOW: exec D:/Xilinx/Vivado/2019.1/win64/tools/clang/bin/clang -fno-limit-debug-info -gcc-toolchain D:/Xilinx/Vivado/2019.1/msys -hls -fno-exceptions -D__llvm__ -E conv/conv.cpp -fno-math-errno -c -emit-llvm -O0 -mllvm -disable-llvm-optzns -fno-threadsafe-statics -fno-use-cxa-atexit -fno-threadsafe-statics -fno-use-cxa-atexit -D__CLANG_3_1__ -D__cdecl= -DAESL_SYN -D__SYNTHESIS__ -D__HLS_SYN__ -I D:/Xilinx/Vivado/2019.1/common/technology/autopilot -I D:/Xilinx/Vivado/2019.1/common/technology/autopilot/ap_sysc -include etc/autopilot_ssdm_op.h -D__DSP48E1__ -o F:/BEng_Project/HLS_PRJ/v2/conv/conv/solution1/.autopilot/db/conv.pp.0.cpp
Command       clang done; 1.1 sec.
Execute       tidy_31 xilinx-xfmat-array-geometry F:/BEng_Project/HLS_PRJ/v2/conv/conv/solution1/.autopilot/db/conv.pp.0.cpp std=gnu++98 
INFO-FLOW: exec D:/Xilinx/Vivado/2019.1/win64/tools/clang-3.9-csynth/bin/tidy-3.1 -header-filter=.* -checks=-*,xilinx-xfmat-array-geometry -quiet -fix F:/BEng_Project/HLS_PRJ/v2/conv/conv/solution1/.autopilot/db/conv.pp.0.cpp -- -std=gnu++98 -fhls -ferror-limit=0
Command       tidy_31 done; 0.876 sec.
INFO-FLOW: Syntax Checking before pre-processing...
Execute       clang -syntaxcheck -src F:/BEng_Project/HLS_PRJ/v2/conv/conv/solution1/.autopilot/db/conv.pp.0.cpp  -fno-limit-debug-info -gcc-toolchain "D:/Xilinx/Vivado/2019.1/msys" -hls    -fno-math-errno -c -emit-llvm -O0  -mllvm -disable-llvm-optzns -fno-threadsafe-statics  -fno-use-cxa-atexit  -fno-threadsafe-statics -fno-use-cxa-atexit -D__CLANG_3_1__ -D__cdecl= -DAESL_SYN -D__SYNTHESIS__ -D__HLS_SYN__ -I "D:/Xilinx/Vivado/2019.1/common/technology/autopilot" -I "D:/Xilinx/Vivado/2019.1/common/technology/autopilot/ap_sysc" -include etc/autopilot_ssdm_op.h -D__DSP48E1__  "F:/BEng_Project/HLS_PRJ/v2/conv/conv/solution1/.autopilot/db/conv.pp.0.cpp"  -o "F:/BEng_Project/HLS_PRJ/v2/conv/conv/solution1/.autopilot/db/useless.bc"  
INFO-FLOW: exec D:/Xilinx/Vivado/2019.1/win64/tools/clang/bin/clang -fno-limit-debug-info -gcc-toolchain D:/Xilinx/Vivado/2019.1/msys -hls -fno-math-errno -c -emit-llvm -O0 -mllvm -disable-llvm-optzns -fno-threadsafe-statics -fno-use-cxa-atexit -fno-threadsafe-statics -fno-use-cxa-atexit -D__CLANG_3_1__ -D__cdecl= -DAESL_SYN -D__SYNTHESIS__ -D__HLS_SYN__ -I D:/Xilinx/Vivado/2019.1/common/technology/autopilot -I D:/Xilinx/Vivado/2019.1/common/technology/autopilot/ap_sysc -include etc/autopilot_ssdm_op.h -D__DSP48E1__ F:/BEng_Project/HLS_PRJ/v2/conv/conv/solution1/.autopilot/db/conv.pp.0.cpp -o F:/BEng_Project/HLS_PRJ/v2/conv/conv/solution1/.autopilot/db/useless.bc
Command       clang done; 1.502 sec.
INFO-FLOW: Done: GCC PP time: 3.5 seconds per iteration
Execute       source D:/Xilinx/Vivado/2019.1/tps/tcl/tcllib1.11.1/yaml/huddle.tcl 
Execute       source D:/Xilinx/Vivado/2019.1/tps/tcl/tcllib1.11.1/yaml/json2huddle.tcl 
Execute         source D:/Xilinx/Vivado/2019.1/tps/tcl/tcllib1.11.1/try/try.tcl 
Execute       list_core -type functional_unit 
Execute       tidy_31 xilinx-systemc-detector F:/BEng_Project/HLS_PRJ/v2/conv/conv/solution1/.autopilot/db/conv.pp.0.cpp std=gnu++98 -directive=F:/BEng_Project/HLS_PRJ/v2/conv/conv/solution1/.autopilot/db/.systemc_flag 
INFO-FLOW: exec D:/Xilinx/Vivado/2019.1/win64/tools/clang-3.9-csynth/bin/tidy-3.1 -header-filter=.* -checks=-*,xilinx-systemc-detector -import-directive=F:/BEng_Project/HLS_PRJ/v2/conv/conv/solution1/.autopilot/db/.systemc_flag -quiet -fix-errors F:/BEng_Project/HLS_PRJ/v2/conv/conv/solution1/.autopilot/db/conv.pp.0.cpp -- -std=gnu++98 -fhls -ferror-limit=0
Command       tidy_31 done; 0.828 sec.
INFO-FLOW: Running: tidy-3.1 CDT preprocess
Execute       tidy_31 xilinx-directive2pragma F:/BEng_Project/HLS_PRJ/v2/conv/conv/solution1/.autopilot/db/conv.pp.0.cpp std=gnu++98 -directive=F:/BEng_Project/HLS_PRJ/v2/conv/conv/solution1/.autopilot/db/all.directive.json 
INFO-FLOW: exec D:/Xilinx/Vivado/2019.1/win64/tools/clang-3.9-csynth/bin/tidy-3.1 -header-filter=.* -checks=-*,xilinx-directive2pragma -import-directive=F:/BEng_Project/HLS_PRJ/v2/conv/conv/solution1/.autopilot/db/all.directive.json -quiet -fix-errors F:/BEng_Project/HLS_PRJ/v2/conv/conv/solution1/.autopilot/db/conv.pp.0.cpp -- -std=gnu++98 -fhls -ferror-limit=0
Command       tidy_31 done; 0.81 sec.
Execute       get_config_dataflow -strict_mode 
Execute       ap_eval exec -ignorestderr D:/Xilinx/Vivado/2019.1/win64/tools/clang-3.9-csynth/bin/xilinx-dataflow-lawyer -export-fixes=F:/BEng_Project/HLS_PRJ/v2/conv/conv/solution1/.autopilot/db/xilinx-dataflow-lawyer.conv.pp.0.cpp.diag.yml F:/BEng_Project/HLS_PRJ/v2/conv/conv/solution1/.autopilot/db/conv.pp.0.cpp -- -std=gnu++98 -fhls -ferror-limit=0 -fstrict-dataflow > F:/BEng_Project/HLS_PRJ/v2/conv/conv/solution1/.autopilot/db/xilinx-dataflow-lawyer.conv.pp.0.cpp.out.log 2> F:/BEng_Project/HLS_PRJ/v2/conv/conv/solution1/.autopilot/db/xilinx-dataflow-lawyer.conv.pp.0.cpp.err.log 
Command       ap_eval done; 0.49 sec.
Execute       tidy_31 -errorcheck xilinx-constantarray-param,xilinx-resource-pragma-transformer,xilinx-xfmat-array-geometry F:/BEng_Project/HLS_PRJ/v2/conv/conv/solution1/.autopilot/db/conv.pp.0.cpp std=gnu++98 
Execute         ap_eval exec -ignorestderr D:/Xilinx/Vivado/2019.1/win64/tools/clang-3.9-csynth/bin/tidy-3.1 -export-fixes=F:/BEng_Project/HLS_PRJ/v2/conv/conv/solution1/.autopilot/db/tidy-3.1.conv.pp.0.cpp.diag.yml -header-filter=.* -checks=-*,xilinx-constantarray-param,xilinx-resource-pragma-transformer,xilinx-xfmat-array-geometry -quiet -fix-errors F:/BEng_Project/HLS_PRJ/v2/conv/conv/solution1/.autopilot/db/conv.pp.0.cpp -- -std=gnu++98 -fhls -ferror-limit=0 > F:/BEng_Project/HLS_PRJ/v2/conv/conv/solution1/.autopilot/db/tidy-3.1.conv.pp.0.cpp.out.log 2> F:/BEng_Project/HLS_PRJ/v2/conv/conv/solution1/.autopilot/db/tidy-3.1.conv.pp.0.cpp.err.log 
Command         ap_eval done; 1.008 sec.
Execute         ap_eval exec -ignorestderr D:/Xilinx/Vivado/2019.1/win64/tools/clang-3.9-csynth/bin/xilinx-legacy-rewriter F:/BEng_Project/HLS_PRJ/v2/conv/conv/solution1/.autopilot/db/conv.pp.0.cpp -- -std=gnu++98 -fhls -ferror-limit=0 > F:/BEng_Project/HLS_PRJ/v2/conv/conv/solution1/.autopilot/db/xilinx-legacy-rewriter.conv.pp.0.cpp.out.log 2> F:/BEng_Project/HLS_PRJ/v2/conv/conv/solution1/.autopilot/db/xilinx-legacy-rewriter.conv.pp.0.cpp.err.log 
Command         ap_eval done; 0.478 sec.
Command       tidy_31 done; 1.493 sec.
INFO-FLOW: Done: tidy-3.1 CDT preprocess time: 2.8 seconds per iteration
INFO-FLOW: Pragma Handling...
Execute       tidy_31 xilinx-ssdm-intrinsics-arguments F:/BEng_Project/HLS_PRJ/v2/conv/conv/solution1/.autopilot/db/conv.pragma.1.cpp std=gnu++98 
INFO-FLOW: exec D:/Xilinx/Vivado/2019.1/win64/tools/clang-3.9-csynth/bin/tidy-3.1 -header-filter=.* -checks=-*,xilinx-ssdm-intrinsics-arguments -quiet -fix-errors F:/BEng_Project/HLS_PRJ/v2/conv/conv/solution1/.autopilot/db/conv.pragma.1.cpp -- -std=gnu++98 -fhls -ferror-limit=0
Command       tidy_31 done; 1.574 sec.
Execute       ap_part_info -name xc7z020-clg400-1 -data info 
INFO-FLOW: Processing labels
Execute       clang -src F:/BEng_Project/HLS_PRJ/v2/conv/conv/solution1/.autopilot/db/conv.pragma.2.cpp  -fno-limit-debug-info -gcc-toolchain D:/Xilinx/Vivado/2019.1/msys -hls -hls-analyze-label -hls-analyze-pragma -fno-exceptions  -D__llvm__  -w  "F:/BEng_Project/HLS_PRJ/v2/conv/conv/solution1/.autopilot/db/conv.pragma.2.cpp"    -fno-math-errno -c -emit-llvm -O0  -mllvm -disable-llvm-optzns -fno-threadsafe-statics  -fno-use-cxa-atexit -DAESL_SYN -D__SYNTHESIS__ -D__HLS_SYN__ -I "D:/Xilinx/Vivado/2019.1/common/technology/autopilot" -I "D:/Xilinx/Vivado/2019.1/common/technology/autopilot/ap_sysc" -include etc/autopilot_ssdm_op.h -D__DSP48E1__ -g -o "F:/BEng_Project/HLS_PRJ/v2/conv/conv/solution1/.autopilot/db/conv.bc" 
INFO-FLOW: exec D:/Xilinx/Vivado/2019.1/win64/tools/clang/bin/clang -fno-limit-debug-info -gcc-toolchain D:/Xilinx/Vivado/2019.1/msys -hls -hls-analyze-label -hls-analyze-pragma -fno-exceptions -D__llvm__ -w F:/BEng_Project/HLS_PRJ/v2/conv/conv/solution1/.autopilot/db/conv.pragma.2.cpp -fno-math-errno -c -emit-llvm -O0 -mllvm -disable-llvm-optzns -fno-threadsafe-statics -fno-use-cxa-atexit -DAESL_SYN -D__SYNTHESIS__ -D__HLS_SYN__ -I D:/Xilinx/Vivado/2019.1/common/technology/autopilot -I D:/Xilinx/Vivado/2019.1/common/technology/autopilot/ap_sysc -include etc/autopilot_ssdm_op.h -D__DSP48E1__ -g -o F:/BEng_Project/HLS_PRJ/v2/conv/conv/solution1/.autopilot/db/conv.bc
Command       clang done; 1.516 sec.
INFO-FLOW: Linking Debug ...
Execute       llvm-ld F:/BEng_Project/HLS_PRJ/v2/conv/conv/solution1/.autopilot/db/conv.g.bc -hls-opt -except-internalize conv -LD:/Xilinx/Vivado/2019.1/win64/lib -lhlsm -lhlsmc++ -o F:/BEng_Project/HLS_PRJ/v2/conv/conv/solution1/.autopilot/db/a.g 
Command       llvm-ld done; 0.955 sec.
INFO: [HLS 200-111] Finished Linking Time (s): cpu = 00:00:01 ; elapsed = 00:00:13 . Memory (MB): peak = 166.395 ; gain = 74.832
INFO: [HLS 200-111] Finished Checking Pragmas Time (s): cpu = 00:00:01 ; elapsed = 00:00:13 . Memory (MB): peak = 166.395 ; gain = 74.832
Execute       get_config_sdx -target 
Execute       opt_and_import_c a -opt_level=2 -skip_syncheck=0 -ng=0 -keep_printf=0 
Execute         cleanup_all_models 
INFO: [HLS 200-10] Starting code transformations ...
Execute         transform -promote-dbg-pointer F:/BEng_Project/HLS_PRJ/v2/conv/conv/solution1/.autopilot/db/a.pp.bc -o F:/BEng_Project/HLS_PRJ/v2/conv/conv/solution1/.autopilot/db/a.pp.0.bc -f 
Execute         llvm-ld F:/BEng_Project/HLS_PRJ/v2/conv/conv/solution1/.autopilot/db/a.pp.0.bc -disable-opt -LD:/Xilinx/Vivado/2019.1/win64/lib -lfloatconversion -o F:/BEng_Project/HLS_PRJ/v2/conv/conv/solution1/.autopilot/db/a.g.0 
Command         llvm-ld done; 0.629 sec.
INFO-FLOW: Running Standard Transforms...
Execute         transform -hls -share-std-xform -demangle-name -inline-byval-memcpy -always-inline -promote-dbg-pointer -interface-preproc -mem2reg -scalarrepl -mem2reg -keep-read-access -instcombine -dce -promote-dbg-pointer -bitop-raise -loop-simplify -indvarspre -indvars -loop-simplify -xunroll -constprop -instcombine -simplifycfg -indvars -simplifycfg -dce -globaldce -basicaa -simplifycfg -mem2reg -globalopt -global-constprop -deadargelim -instcombine -simplifycfg -prune-eh -simplifycfg -scalarrepl -instcombine -reassociate -licm -simplifycfg -loop-simplify -indvars -instcombine -simplifycfg -mem2reg -loop-simplify -indvars -instcombine -gvn -gvn -instcombine -adce -break-crit-edges -simplifycfg -loop-delete -global-array-opt -dce -dse -adce -find-syn-modules -top conv -deadargelim -mem2reg -instcombine -dce -presyn-prepare -auto-rom-infer -interface-preproc -syn-check -check-rec-only -find-region -simplifycfg -func-extr -function-inline -globaldce -mem2reg -instcombine -dce -gvn -globaldce -adce -adse -constprop -instcombine -bit-constprop -instcombine -dce -simplifycfg -bitop-raise -simplifycfg -dce -loop-delete -reassociate -globalopt -global-privatize -mem2reg -dce -global-constprop -pointer-simplify -constprop -dce -func-inst -deadargelim -auto-shift-reg-idiom -promote-dbg-pointer -norm-name F:/BEng_Project/HLS_PRJ/v2/conv/conv/solution1/.autopilot/db/a.g.0.bc -o F:/BEng_Project/HLS_PRJ/v2/conv/conv/solution1/.autopilot/db/a.g.1.bc -f -phase std-opt 
Command         transform done; 0.183 sec.
INFO: [HLS 200-111] Finished Standard Transforms Time (s): cpu = 00:00:01 ; elapsed = 00:00:14 . Memory (MB): peak = 166.395 ; gain = 74.832
INFO: [HLS 200-10] Checking synthesizability ...
INFO-FLOW: Checking Synthesizability 1/2..
Execute         transform -hls -syn-check -check-rec-only -disaggr -scalarrepl -norm-name -dce -mem2reg -instcombine -function-uniquify -directive-preproc -mem2reg -dse -dce -auto-rom-infer -dce -pag -array-normalize -instcombine -dce -warn-fifo-pointer -array-seg-normalize -instcombine -dce -array-flatten -instcombine -dce -array-burst -dce -deadargelim -promote-global-argument -simplifycfg -mem2reg -globaldce -dce -deadargelim -dce -instcombine -function-inline -globaldce -dce -doublePtrSimplify -doublePtrElim -dce -doublePtrSimplify -promote-dbg-pointer -dce -scalarrepl -dse -adse -instcombine -ptrLegalization -simplifycfg -dce -instcombine -pointer-simplify -ptrArgReplace -dce -instcombine -resolve-double-ptr -disaggr -scalarrepl -norm-name -dce -mem2reg -instcombine -ptrLegalization -simplifycfg -deadargelim -instcombine -dce -inst-simplify -function-uniquify -directive-preproc -mem2reg -dse -dce -globaldce -check-dspbuiltin F:/BEng_Project/HLS_PRJ/v2/conv/conv/solution1/.autopilot/db/a.g.1.bc -o F:/BEng_Project/HLS_PRJ/v2/conv/conv/solution1/.autopilot/db/a.g.2.prechk.bc -f 
Command         transform done; 0.186 sec.
INFO-FLOW: Checking Synthesizability 2/2..
Execute         transform -syn-check F:/BEng_Project/HLS_PRJ/v2/conv/conv/solution1/.autopilot/db/a.g.2.prechk.bc -o F:/BEng_Project/HLS_PRJ/v2/conv/conv/solution1/.autopilot/db/a.g.2.bc -f -phase syn-check 
WARNING: [SYNCHK 200-23] conv/conv.cpp:118: variable-indexed range selection may cause suboptimal QoR.
INFO: [SYNCHK 200-10] 0 error(s), 1 warning(s).
INFO: [HLS 200-111] Finished Checking Synthesizability Time (s): cpu = 00:00:01 ; elapsed = 00:00:14 . Memory (MB): peak = 166.395 ; gain = 74.832
INFO-FLOW: Compiler optimizing ...
INFO-FLOW: Share syncheck's 1.bc for syn flow: copy F:/BEng_Project/HLS_PRJ/v2/conv/conv/solution1/.autopilot/db/a.g.1.bc to F:/BEng_Project/HLS_PRJ/v2/conv/conv/solution1/.autopilot/db/a.o.1.bc
INFO-FLOW: Presyn 1...
Execute         transform -hls -tmp F:/BEng_Project/HLS_PRJ/v2/conv/conv/solution1/.autopilot/db -interface-port-rename -type-info -function-uniquify -directive-preproc -mem2reg -dse -dce -disaggr -scalarrepl -norm-name -deadargelim -mem2reg -instcombine -dce -simplifycfg -auto-rom-infer -dce -function-uniquify -resource-proc -clib-intrinsic-prepare -dce -func-buffer -dce -pag -array-normalize -func-legal -instcombine -gvn -constprop -dce -simplifycfg -mem2reg -globaldce -resolve-double-ptr -dce -deadargelim -dce -instcombine -ptrArgReplace -mem2reg -dce -array-seg-normalize -deadargelim -instcombine -dce -pointer-simplify -dce -port-alignment -dce -interface-preproc -data-pack -instcombine -dce -basicaa -aggr-aa -aggrmodref-aa -aggr-aa -gvn -gvn -basicaa -aggr-aa -aggrmodref-aa -aggr-aa -dse -adse -adce -loop-simplify -indvars -instcombine -gvn -loop-simplify -mem2reg -dce -find-region -instcombine -auto-loop-pipeline -inst-simplify -interface-preproc -cfgopt -instcombine -indvars -auto-loop-unroll -loop-simplify -loop-bound -xunroll -constprop -instcombine -simplifycfg -indvars -simplifycfg -dce -globaldce -clean-region -attach-range -gvn -inst-simplify -constprop -simplifycfg -dce -pointer-simplify -dce -globalopt -constprop -dce -array-promote -constprop -dce -ptrArgReplace -mem2reg -simplifycfg -dce -auto-par -instcombine -dce -array-transform-check -array-reshape -instcombine -simplifycfg -dce -ptrArgReplace -deadargelim -mem2reg -instcombine -simplifycfg -dce -indvars -loop-simplify -loop-bound -xunroll -constprop -instcombine -simplifycfg -indvars -simplifycfg -dce -globaldce -basicaa -aggr-aa -aggrmodref-aa -aggr-aa -dse -duplicate-dataflow-processes -globaldce -instcombine -array-partition -instcombine -simplifycfg -dce -ptrArgReplace -global-constprop -deadargelim -mem2reg -func-legal -dce -global-constprop -deadargelim -mem2reg -simplifycfg -dce -merge-param -deadargelim -globalopt -constprop -dce -array-promote -constprop -dce -ptrArgReplace -mem2reg -simplifycfg -dce -mem-intrinsic-preproc -dce -global-internalize -global-privatize -mem2reg -globaldce -promote-global-argument -ptrArgReplace -mem2reg -dce -globalopt -mergereturn -simplify-global-access -mem2reg -dce -pointer-simplify -dce -functionattrs -basicaa -aggr-aa -aggrmodref-aa -aggr-aa -gvn -gvn -basicaa -aggr-aa -aggrmodref-aa -aggr-aa -dse -adse -adce -dce -norm-name -function-inline -complex-op-raise -inst-simplify -globaldce -func-inst -constprop -instcombine -simplifycfg -dce -func-legal -dce -loop-bound -arraycheck -bitwidthmin -on-by-dataflow -loop-delete -instcombine -simplifycfg -globaldce -dce -gvn -deadargelim -dce -loop-simplify -clean-region -simplifycfg -propagate-stable-arguments -loop-stream -instcombine -simplifycfg -dce -globaldce -duplicate-dataflow-processes -stream-intrinsic-preproc -dce -check-ap-stream -loop-simplify -eliminate-keepreads -extract-dataflow-in-loop -loop-simplify -dce -gvn -deadargelim -dse -check-dataflow-syntax -legalize-stream-variable -legalize-global -extract-subproc -dce -dead-channel-elimination -canonicalize-gep -globaldce -dce -gvn -deadargelim -annotate-dataflow-channels -scalar-propagation -deadargelim -globaldce -mem2reg -check-dataflow-channels -function-stream -dce -globaldce -prop-fifo-spec -internal-stream-gen -canonicalize-gep -globaldce -dce -gvn -deadargelim -mergereturn -indvars -loop-simplify -instcombine -array-stream -array-seg-normalize -array-partition -func-legal -instcombine -simplifycfg -dce -bundle-memfifo-ops -deadargelim -function-uniquify -directive-preproc -mem2reg -dse -dce -group-axi-access -licm -simplifycfg -dce -loop-delete -norm-name F:/BEng_Project/HLS_PRJ/v2/conv/conv/solution1/.autopilot/db/a.o.1.bc -o F:/BEng_Project/HLS_PRJ/v2/conv/conv/solution1/.autopilot/db/a.o.1.tmp.bc -f 
INFO: [XFORM 203-502] Unrolling all sub-loops inside loop 'LOOP_cin' (conv/conv.cpp:95) in function 'conv' for pipelining.
WARNING: [XFORM 203-505] Ignored pipeline directive for loop 'Loop-1.1.1.1.1.1.1' (conv/conv.cpp:116) because its parent loop or function is pipelined.
INFO: [HLS 200-489] Unrolling loop 'Loop-1.1.1.1.1.1.1' (conv/conv.cpp:116) in function 'conv' completely with a factor of 8.
INFO: [HLS 200-489] Unrolling loop 'Loop-1.1.1.1.1.1.2' (conv/conv.cpp:119) in function 'conv' completely with a factor of 8.
Command         transform done; 0.467 sec.
INFO-FLOW: Presyn 2...
Execute         transform -hls -keep-callgraph -scalarrepl -mem2reg -port-alignment -attach-range -dce -pipe-mux-gen -indvars -loop-bound -inst-simplify -instcombine -dce -merge-array-access -mem2reg -dce -clean-region -mergereturn -if-conv -instcombine -dce -constprop -basicaa -aggr-aa -aggrmodref-aa -aggr-aa -gvn -gvn -basicaa -aggr-aa -aggrmodref-aa -aggr-aa -dse -adse -adce -scalarrepl -mem2reg -global-constprop -deadargelim -deadargelim -instcombine -dce -simplifycfg -ptrArgReplace -mem2reg -function-inline -globaldce -mem2reg -instcombine -dce -expr-balance -instcombine -dce -bitwidthmin -interface-preproc -directive-preproc -inst-rectify -instcombine -dce -functionattrs -constprop -instcombine -bit-constprop -simplify-global-access -globalopt -globaldce -inst-simplify -instcombine -elimdeaddata -dce -loop-delete -simplifycfg -loop-simplify -auto-burst -norm-name F:/BEng_Project/HLS_PRJ/v2/conv/conv/solution1/.autopilot/db/a.o.1.tmp.bc -o F:/BEng_Project/HLS_PRJ/v2/conv/conv/solution1/.autopilot/db/a.o.2.bc -f -phase presyn 
INFO: [XFORM 203-401] Performing if-conversion on hyperblock to (conv/conv.cpp:79:20) in function 'conv'... converting 3 basic blocks.
INFO: [XFORM 203-11] Balancing expressions in function 'conv' (conv/conv.cpp:19)...11 expression(s) balanced.
Command         transform done; 0.231 sec.
INFO: [HLS 200-111] Finished Pre-synthesis Time (s): cpu = 00:00:02 ; elapsed = 00:00:15 . Memory (MB): peak = 189.492 ; gain = 97.930
INFO-FLOW: Building ssdm...
Execute         transform -hls -function-uniquify -auto-function-inline -globaldce -ptrArgReplace -mem2reg -dce -reset-lda -loop-simplify -indvars -licm -loop-dep -loop-bound -licm -loop-simplify -flattenloopnest -array-flatten -gvn -instcombine -dce -array-map -dce -func-legal -gvn -adce -instcombine -cfgopt -simplifycfg -loop-simplify -array-burst -promote-global-argument -dce -ptrLegalization -axi4-lower -array-seg-normalize -basicaa -aggrmodref-aa -globalsmodref-aa -aggr-aa -gvn -gvn -basicaa -aggrmodref-aa -globalsmodref-aa -aggr-aa -dse -adse -adce -licm -inst-simplify -dce -globaldce -instcombine -array-stream -eliminate-keepreads -instcombine -dce -deadargelim -doublePtrSimplify -doublePtrElim -dce -doublePtrSimplify -promote-dbg-pointer -dce -scalarrepl -mem2reg -disaggr -norm-name -mem2reg -instcombine -dse -adse -adce -ptrLegalization -dce -auto-rom-infer -array-flatten -dce -instcombine -check-doubleptr -loop-rot -constprop -cfgopt -simplifycfg -loop-simplify -indvars -pointer-simplify -dce -loop-bound -loop-simplify -loop-preproc -constprop -global-constprop -gvn -mem2reg -instcombine -dce -loop-bound -loop-merge -dce -bitwidthmin -deadargelim -dce -canonicalize-dataflow -dce -scalar-propagation -deadargelim -globaldce -mem2reg -read-loop-dep -interface-preproc -directive-preproc -interface-gen -bram-byte-enable -deadargelim -inst-simplify -dce -gvn -mem2reg -instcombine -dce -adse -loop-bound -instcombine -cfgopt -simplifycfg -loop-simplify -clean-region -io-protocol -find-region -mem2reg -bitop-raise -complex-op-raise -inst-simplify -inst-rectify -instcombine -adce -deadargelim -loop-simplify -phi-opt -bitop-raise -cfgopt -simplifycfg -strip-dead-prototypes -interface-lower -bitop-lower -intrinsic-lower -auto-function-inline -basicaa -aggrmodref-aa -globalsmodref-aa -aggr-aa -inst-simplify -simplifycfg -loop-simplify -mergereturn -inst-simplify -inst-rectify -dce -load-elim -bitop-lower -loop-rewind -pointer-simplify -dce -cfgopt -dce -loop-bound -loop-dep -read-loop-dep -dce -check-stream -norm-name -legalize -validate-dataflow -inst-clarity -bitwidth -dump-loop-dep-to-ir -check-all-ssdm -cdfg-build F:/BEng_Project/HLS_PRJ/v2/conv/conv/solution1/.autopilot/db/a.o.2.bc -o F:/BEng_Project/HLS_PRJ/v2/conv/conv/solution1/.autopilot/db/a.o.3.bc -f -phase build-ssdm 
INFO: [XFORM 203-541] Flattening a loop nest 'LOOP_jj' (conv/conv.cpp:93:7) in function 'conv'.
INFO: [XFORM 203-541] Flattening a loop nest 'LOOP_ii' (conv/conv.cpp:91:6) in function 'conv'.
WARNING: [XFORM 203-542] Cannot flatten a loop nest 'LOOP_cout' (conv/conv.cpp:84:5) in function 'conv' : 

the outer loop is not a perfect loop because there is nontrivial logic before entering the inner loop.
INFO: [XFORM 203-541] Flattening a loop nest 'LOOP_j' (conv/conv.cpp:82:4) in function 'conv'.
INFO: [XFORM 203-541] Flattening a loop nest 'LOOP_i' (conv/conv.cpp:80:3) in function 'conv'.
INFO: [HLS 200-444] Inferring multiple bus burst read of variable length on port 'gmem' (conv/conv.cpp:86:18). These data requests might be further partitioned to multiple requests during RTL generation, based on max_read_burst_length or max_write_burst_length settings.
Command         transform done; 0.496 sec.
INFO: [HLS 200-111] Finished Architecture Synthesis Time (s): cpu = 00:00:02 ; elapsed = 00:00:15 . Memory (MB): peak = 192.340 ; gain = 100.777
INFO-FLOW: Finish building internal data model.
Command       opt_and_import_c done; 2.359 sec.
Command     elaborate done; 13.806 sec.
Execute     autosyn -from_csynth_design=1 
INFO: [HLS 200-10] Starting hardware synthesis ...
INFO-FLOW: Synthesizing C/C++ design ...
INFO: [HLS 200-10] Synthesizing 'conv' ...
Execute       ap_set_top_model conv 
Execute       get_model_list conv -filter all-wo-channel -topdown 
Execute       preproc_iomode -model conv 
Execute       get_model_list conv -filter all-wo-channel 
INFO-FLOW: Model list for configure: conv
INFO-FLOW: Configuring Module : conv ...
Execute       set_default_model conv 
Execute       apply_spec_resource_limit conv 
INFO-FLOW: Model list for preprocess: conv
INFO-FLOW: Preprocessing Module: conv ...
Execute       set_default_model conv 
Execute       cdfg_preprocess -model conv 
Execute       rtl_gen_preprocess conv 
INFO-FLOW: Model list for synthesis: conv
INFO: [HLS 200-10] ----------------------------------------------------------------
INFO: [HLS 200-42] -- Implementing module 'conv' 
INFO: [HLS 200-10] ----------------------------------------------------------------
Execute       set_default_model conv 
Execute       schedule -model conv 
INFO: [SCHED 204-11] Starting scheduling ...
INFO: [SCHED 204-61] Pipelining loop 'LOOP_ii_LOOP_jj_LOOP_cin'.
INFO: [SCHED 204-61] Pipelining result : Target II = 1, Final II = 1, Depth = 12.
INFO: [SCHED 204-11] Finished scheduling.
Command       schedule done; 0.296 sec.
INFO: [HLS 200-111]  Elapsed time: 15.388 seconds; current allocated memory: 136.365 MB.
Execute       syn_report -verbosereport -o F:/BEng_Project/HLS_PRJ/v2/conv/conv/solution1/.autopilot/db/conv.verbose.sched.rpt 
INFO: [HLS 200-434] Only 1 loops out of a total 2 loops have been pipelined in this design.
Command       syn_report done; 0.224 sec.
Execute       db_write -o F:/BEng_Project/HLS_PRJ/v2/conv/conv/solution1/.autopilot/db/conv.sched.adb -f 
INFO-FLOW: Finish scheduling conv.
Execute       set_default_model conv 
Execute       bind -model conv 
BIND OPTION: model=conv
INFO: [BIND 205-100] Starting micro-architecture generation ...
INFO: [BIND 205-101] Performing variable lifetime analysis.
INFO: [BIND 205-101] Exploring resource sharing.
INFO: [BIND 205-101] Binding ...
INFO: [BIND 205-100] Finished micro-architecture generation.
Command       bind done; 0.136 sec.
INFO: [HLS 200-111]  Elapsed time: 0.457 seconds; current allocated memory: 138.283 MB.
Execute       syn_report -verbosereport -o F:/BEng_Project/HLS_PRJ/v2/conv/conv/solution1/.autopilot/db/conv.verbose.bind.rpt 
Command       syn_report done; 0.278 sec.
Execute       db_write -o F:/BEng_Project/HLS_PRJ/v2/conv/conv/solution1/.autopilot/db/conv.bind.adb -f 
Command       db_write done; 0.105 sec.
INFO-FLOW: Finish binding conv.
Execute       get_model_list conv -filter all-wo-channel 
INFO-FLOW: Preprocessing for RTLGen ...
Execute       rtl_gen_preprocess conv 
INFO-FLOW: Model list for RTL generation: conv
INFO: [HLS 200-10] ----------------------------------------------------------------
INFO: [HLS 200-10] -- Generating RTL for module 'conv' 
INFO: [HLS 200-10] ----------------------------------------------------------------
Execute       get_config_rtl -module_prefix 
Execute       get_config_rtl -module_auto_prefix 
Execute       create_rtl_model conv -vendor xilinx -mg_file F:/BEng_Project/HLS_PRJ/v2/conv/conv/solution1/.autopilot/db/conv.compgen.tcl 
INFO: [RTGEN 206-500] Setting interface mode on port 'conv/AXI_F' to 'm_axi'.
INFO: [RTGEN 206-500] Setting interface mode on port 'conv/AXI_W' to 'm_axi'.
INFO: [RTGEN 206-500] Setting interface mode on port 'conv/gmem' to 'm_axi'.
INFO: [RTGEN 206-500] Setting interface mode on port 'conv/CHin_V' to 's_axilite & ap_none'.
INFO: [RTGEN 206-500] Setting interface mode on port 'conv/Hin_V' to 's_axilite & ap_none'.
INFO: [RTGEN 206-500] Setting interface mode on port 'conv/Win_V' to 's_axilite & ap_none'.
INFO: [RTGEN 206-500] Setting interface mode on port 'conv/CHout_V' to 's_axilite & ap_none'.
INFO: [RTGEN 206-500] Setting interface mode on port 'conv/Kx_V' to 's_axilite & ap_none'.
INFO: [RTGEN 206-500] Setting interface mode on port 'conv/Ky_V' to 's_axilite & ap_none'.
INFO: [RTGEN 206-500] Setting interface mode on port 'conv/Sx_V' to 's_axilite & ap_none'.
INFO: [RTGEN 206-500] Setting interface mode on port 'conv/Sy_V' to 's_axilite & ap_none'.
INFO: [RTGEN 206-500] Setting interface mode on port 'conv/mode_V' to 's_axilite & ap_none'.
INFO: [RTGEN 206-500] Setting interface mode on port 'conv/relu_en_V' to 's_axilite & ap_none'.
INFO: [RTGEN 206-500] Setting interface mode on port 'conv/feature_in_V' to 's_axilite & ap_none'.
INFO: [RTGEN 206-500] Setting interface mode on port 'conv/feature_in_precision_V' to 's_axilite & ap_none'.
INFO: [RTGEN 206-500] Setting interface mode on port 'conv/W_V' to 's_axilite & ap_none'.
INFO: [RTGEN 206-500] Setting interface mode on port 'conv/W_precision_V' to 's_axilite & ap_none'.
INFO: [RTGEN 206-500] Setting interface mode on port 'conv/B_V' to 's_axilite & ap_none'.
INFO: [RTGEN 206-500] Setting interface mode on port 'conv/B_precision_V' to 's_axilite & ap_none'.
INFO: [RTGEN 206-500] Setting interface mode on port 'conv/feature_out_V' to 's_axilite & ap_none'.
INFO: [RTGEN 206-500] Setting interface mode on port 'conv/feature_out_precision_V' to 's_axilite & ap_none'.
INFO: [RTGEN 206-500] Setting interface mode on function 'conv' to 's_axilite & ap_ctrl_hs'.
INFO: [RTGEN 206-100] Bundling port 'return', 'CHin_V', 'Hin_V', 'Win_V', 'CHout_V', 'Kx_V', 'Ky_V', 'Sx_V', 'Sy_V', 'mode_V', 'relu_en_V', 'feature_in_V', 'feature_in_precision_V', 'W_V', 'W_precision_V', 'B_V', 'B_precision_V', 'feature_out_V' and 'feature_out_precision_V' to AXI-Lite port AXILiteS.
INFO: [SYN 201-210] Renamed object name 'conv_sdiv_19s_9ns_16_23_seq_1' to 'conv_sdiv_19s_9nsbkb' due to the length limit 20
INFO: [SYN 201-210] Renamed object name 'conv_urem_48ns_16ns_48_52_seq_1' to 'conv_urem_48ns_16cud' due to the length limit 20
INFO: [SYN 201-210] Renamed object name 'conv_mul_mul_8ns_14ns_22_1_1' to 'conv_mul_mul_8ns_dEe' due to the length limit 20
INFO: [SYN 201-210] Renamed object name 'conv_mul_mul_8ns_22ns_30_1_1' to 'conv_mul_mul_8ns_eOg' due to the length limit 20
INFO: [SYN 201-210] Renamed object name 'conv_mul_mul_16ns_16ns_32_1_1' to 'conv_mul_mul_16nsfYi' due to the length limit 20
INFO: [SYN 201-210] Renamed object name 'conv_mac_mul_sub_8ns_16s_8ns_16_1_1' to 'conv_mac_mul_sub_g8j' due to the length limit 20
INFO: [SYN 201-210] Renamed object name 'conv_mul_mul_16s_8ns_16_1_1' to 'conv_mul_mul_16s_hbi' due to the length limit 20
INFO: [SYN 201-210] Renamed object name 'conv_mul_mul_8ns_16s_16_1_1' to 'conv_mul_mul_8ns_ibs' due to the length limit 20
INFO: [SYN 201-210] Renamed object name 'conv_mul_mul_16ns_14ns_30_1_1' to 'conv_mul_mul_16nsjbC' due to the length limit 20
INFO: [SYN 201-210] Renamed object name 'conv_mul_mul_16s_16ns_32_1_1' to 'conv_mul_mul_16s_kbM' due to the length limit 20
INFO: [SYN 201-210] Renamed object name 'conv_mul_mul_8ns_14ns_21_1_1' to 'conv_mul_mul_8ns_lbW' due to the length limit 20
INFO: [SYN 201-210] Renamed object name 'conv_mac_muladd_22ns_8ns_45ns_45_1_1' to 'conv_mac_muladd_2mb6' due to the length limit 20
INFO: [SYN 201-210] Renamed object name 'conv_mac_muladd_16s_16s_32s_33_1_1' to 'conv_mac_muladd_1ncg' due to the length limit 20
INFO: [SYN 201-210] Renamed object name 'conv_mul_mul_16s_16s_32_1_1' to 'conv_mul_mul_16s_ocq' due to the length limit 20
INFO: [SYN 201-210] Renamed object name 'conv_mul_mul_16ns_13ns_29_1_1' to 'conv_mul_mul_16nspcA' due to the length limit 20
INFO: [RTGEN 206-100] Generating core module 'conv_mac_mul_sub_g8j': 1 instance(s).
INFO: [RTGEN 206-100] Generating core module 'conv_mac_muladd_1ncg': 4 instance(s).
INFO: [RTGEN 206-100] Generating core module 'conv_mac_muladd_2mb6': 1 instance(s).
INFO: [RTGEN 206-100] Generating core module 'conv_mul_mul_16nsfYi': 3 instance(s).
INFO: [RTGEN 206-100] Generating core module 'conv_mul_mul_16nsjbC': 2 instance(s).
INFO: [RTGEN 206-100] Generating core module 'conv_mul_mul_16nspcA': 1 instance(s).
INFO: [RTGEN 206-100] Generating core module 'conv_mul_mul_16s_hbi': 1 instance(s).
INFO: [RTGEN 206-100] Generating core module 'conv_mul_mul_16s_kbM': 2 instance(s).
INFO: [RTGEN 206-100] Generating core module 'conv_mul_mul_16s_ocq': 4 instance(s).
INFO: [RTGEN 206-100] Generating core module 'conv_mul_mul_8ns_dEe': 2 instance(s).
INFO: [RTGEN 206-100] Generating core module 'conv_mul_mul_8ns_eOg': 1 instance(s).
INFO: [RTGEN 206-100] Generating core module 'conv_mul_mul_8ns_ibs': 1 instance(s).
INFO: [RTGEN 206-100] Generating core module 'conv_mul_mul_8ns_lbW': 2 instance(s).
INFO: [RTGEN 206-100] Generating core module 'conv_sdiv_19s_9nsbkb': 2 instance(s).
INFO: [RTGEN 206-100] Generating core module 'conv_urem_48ns_16cud': 1 instance(s).
INFO: [RTGEN 206-100] Finished creating RTL model for 'conv'.
Command       create_rtl_model done; 0.289 sec.
INFO: [HLS 200-111]  Elapsed time: 0.712 seconds; current allocated memory: 142.861 MB.
Execute       source F:/BEng_Project/HLS_PRJ/v2/conv/conv/solution1/.autopilot/db/conv.rtl_wrap.cfg.tcl 
Execute       gen_rtl conv -istop -style xilinx -tracefl mytrace -tracefmt vcd -traceopt all -f -lang sc -o F:/BEng_Project/HLS_PRJ/v2/conv/conv/solution1/syn/systemc/conv -synmodules conv 
Execute       gen_rtl conv -istop -style xilinx -f -lang vhdl -o F:/BEng_Project/HLS_PRJ/v2/conv/conv/solution1/syn/vhdl/conv 
Command       gen_rtl done; 0.122 sec.
Execute       gen_rtl conv -istop -style xilinx -f -lang vlog -o F:/BEng_Project/HLS_PRJ/v2/conv/conv/solution1/syn/verilog/conv 
Execute       syn_report -csynth -model conv -o F:/BEng_Project/HLS_PRJ/v2/conv/conv/solution1/syn/report/conv_csynth.rpt 
Execute       syn_report -rtlxml -model conv -o F:/BEng_Project/HLS_PRJ/v2/conv/conv/solution1/syn/report/conv_csynth.xml 
Execute       syn_report -verbosereport -model conv -o F:/BEng_Project/HLS_PRJ/v2/conv/conv/solution1/.autopilot/db/conv.verbose.rpt 
Command       syn_report done; 0.335 sec.
Execute       db_write -model conv -f -o F:/BEng_Project/HLS_PRJ/v2/conv/conv/solution1/.autopilot/db/conv.adb 
Command       db_write done; 0.213 sec.
Execute       gen_tb_info conv -p F:/BEng_Project/HLS_PRJ/v2/conv/conv/solution1/.autopilot/db -o F:/BEng_Project/HLS_PRJ/v2/conv/conv/solution1/.autopilot/db/conv 
Execute       export_constraint_db -f -tool general -o F:/BEng_Project/HLS_PRJ/v2/conv/conv/solution1/.autopilot/db/conv.constraint.tcl 
Execute       syn_report -designview -model conv -o F:/BEng_Project/HLS_PRJ/v2/conv/conv/solution1/.autopilot/db/conv.design.xml 
Command       syn_report done; 0.113 sec.
Execute       get_config_rtl -disable_wave_debug 
Execute       syn_report -wcfg -model conv -o F:/BEng_Project/HLS_PRJ/v2/conv/conv/solution1/.autopilot/db/conv_dataflow_ana.wcfg 
Execute       syn_report -protoinst -model conv -o F:/BEng_Project/HLS_PRJ/v2/conv/conv/solution1/.autopilot/db/conv.protoinst 
Execute       get_config_debug -directory 
Execute       sc_get_clocks conv 
Execute       get_config_export -vivado_clock 
Execute       sc_get_portdomain conv 
INFO-FLOW: Model list for RTL component generation: conv
INFO-FLOW: Handling components in module [conv] ... 
Execute       source F:/BEng_Project/HLS_PRJ/v2/conv/conv/solution1/.autopilot/db/conv.compgen.tcl 
INFO-FLOW: Found component conv_sdiv_19s_9nsbkb.
INFO-FLOW: Append model conv_sdiv_19s_9nsbkb
INFO-FLOW: Found component conv_urem_48ns_16cud.
INFO-FLOW: Append model conv_urem_48ns_16cud
INFO-FLOW: Found component conv_mul_mul_8ns_dEe.
INFO-FLOW: Append model conv_mul_mul_8ns_dEe
INFO-FLOW: Found component conv_mul_mul_8ns_eOg.
INFO-FLOW: Append model conv_mul_mul_8ns_eOg
INFO-FLOW: Found component conv_mul_mul_16nsfYi.
INFO-FLOW: Append model conv_mul_mul_16nsfYi
INFO-FLOW: Found component conv_mac_mul_sub_g8j.
INFO-FLOW: Append model conv_mac_mul_sub_g8j
INFO-FLOW: Found component conv_mul_mul_16s_hbi.
INFO-FLOW: Append model conv_mul_mul_16s_hbi
INFO-FLOW: Found component conv_mul_mul_8ns_ibs.
INFO-FLOW: Append model conv_mul_mul_8ns_ibs
INFO-FLOW: Found component conv_mul_mul_16nsjbC.
INFO-FLOW: Append model conv_mul_mul_16nsjbC
INFO-FLOW: Found component conv_mul_mul_16s_kbM.
INFO-FLOW: Append model conv_mul_mul_16s_kbM
INFO-FLOW: Found component conv_mul_mul_8ns_lbW.
INFO-FLOW: Append model conv_mul_mul_8ns_lbW
INFO-FLOW: Found component conv_mac_muladd_2mb6.
INFO-FLOW: Append model conv_mac_muladd_2mb6
INFO-FLOW: Found component conv_mac_muladd_1ncg.
INFO-FLOW: Append model conv_mac_muladd_1ncg
INFO-FLOW: Found component conv_mul_mul_16s_ocq.
INFO-FLOW: Append model conv_mul_mul_16s_ocq
INFO-FLOW: Found component conv_mul_mul_16nspcA.
INFO-FLOW: Append model conv_mul_mul_16nspcA
INFO-FLOW: Found component conv_AXILiteS_s_axi.
INFO-FLOW: Append model conv_AXILiteS_s_axi
INFO-FLOW: Found component conv_AXI_F_m_axi.
INFO-FLOW: Append model conv_AXI_F_m_axi
INFO-FLOW: Found component conv_AXI_W_m_axi.
INFO-FLOW: Append model conv_AXI_W_m_axi
INFO-FLOW: Found component conv_gmem_m_axi.
INFO-FLOW: Append model conv_gmem_m_axi
INFO-FLOW: Append model conv
INFO-FLOW: Generating RTL model list ...
INFO-FLOW: All models in this session: conv_sdiv_19s_9nsbkb conv_urem_48ns_16cud conv_mul_mul_8ns_dEe conv_mul_mul_8ns_eOg conv_mul_mul_16nsfYi conv_mac_mul_sub_g8j conv_mul_mul_16s_hbi conv_mul_mul_8ns_ibs conv_mul_mul_16nsjbC conv_mul_mul_16s_kbM conv_mul_mul_8ns_lbW conv_mac_muladd_2mb6 conv_mac_muladd_1ncg conv_mul_mul_16s_ocq conv_mul_mul_16nspcA conv_AXILiteS_s_axi conv_AXI_F_m_axi conv_AXI_W_m_axi conv_gmem_m_axi conv
INFO-FLOW: To file: write model conv_sdiv_19s_9nsbkb
INFO-FLOW: To file: write model conv_urem_48ns_16cud
INFO-FLOW: To file: write model conv_mul_mul_8ns_dEe
INFO-FLOW: To file: write model conv_mul_mul_8ns_eOg
INFO-FLOW: To file: write model conv_mul_mul_16nsfYi
INFO-FLOW: To file: write model conv_mac_mul_sub_g8j
INFO-FLOW: To file: write model conv_mul_mul_16s_hbi
INFO-FLOW: To file: write model conv_mul_mul_8ns_ibs
INFO-FLOW: To file: write model conv_mul_mul_16nsjbC
INFO-FLOW: To file: write model conv_mul_mul_16s_kbM
INFO-FLOW: To file: write model conv_mul_mul_8ns_lbW
INFO-FLOW: To file: write model conv_mac_muladd_2mb6
INFO-FLOW: To file: write model conv_mac_muladd_1ncg
INFO-FLOW: To file: write model conv_mul_mul_16s_ocq
INFO-FLOW: To file: write model conv_mul_mul_16nspcA
INFO-FLOW: To file: write model conv_AXILiteS_s_axi
INFO-FLOW: To file: write model conv_AXI_F_m_axi
INFO-FLOW: To file: write model conv_AXI_W_m_axi
INFO-FLOW: To file: write model conv_gmem_m_axi
INFO-FLOW: To file: write model conv
INFO-FLOW: Finished generating RTL model list.


INFO-FLOW: RTL Generation done.
INFO-FLOW: CAS Generation done.
INFO-FLOW: CBC Generation done.
INFO-FLOW: DBG:CMD: auto_generate_csynth_design
INFO-FLOW: DBG:CMD:     auto_generate --sim-model -phase csynth_design -d F:/BEng_Project/HLS_PRJ/v2/conv/conv/solution1
Execute       source F:/BEng_Project/HLS_PRJ/v2/conv/conv/solution1/.autopilot/db/global.setting.tcl 
INFO-FLOW: DBG:CMD: read_platform_lib F:/BEng_Project/HLS_PRJ/v2/conv/conv/solution1/.autopilot/db/global.setting.tcl
Execute       source D:/Xilinx/Vivado/2019.1/common/technology/generic/autopilot/common.gen 
Execute         source D:/Xilinx/Vivado/2019.1/common/technology/generic/autopilot/APCoreGen.gen 
Execute       source D:/Xilinx/Vivado/2019.1/common/technology/generic/autopilot/op.gen 
Execute       source D:/Xilinx/Vivado/2019.1/common/technology/generic/autopilot/op_simcore.gen 
Execute       source D:/Xilinx/Vivado/2019.1/common/technology/generic/autopilot/interface.gen 
Execute       source F:/BEng_Project/HLS_PRJ/v2/conv/conv/solution1/.autopilot/db/global.setting.tcl 
Execute       source D:/Xilinx/Vivado/2019.1/common/technology/xilinx/zynq/zynq.gen 
Execute         source D:/Xilinx/Vivado/2019.1/common/technology/xilinx/common/xilinx.gen 
Execute           source D:/Xilinx/Vivado/2019.1/common/technology/xilinx/interface/plb46.gen 
Execute           source D:/Xilinx/Vivado/2019.1/common/technology/xilinx/interface/fsl.gen 
Execute           source D:/Xilinx/Vivado/2019.1/common/technology/xilinx/interface/axi4.gen 
Execute           source D:/Xilinx/Vivado/2019.1/common/technology/xilinx/interface/nativeAXI4.gen 
Execute             source D:/Xilinx/Vivado/2019.1/common/technology/xilinx/interface/saxilite.gen 
Execute             source D:/Xilinx/Vivado/2019.1/common/technology/xilinx/interface/maxi.gen 
Execute           source D:/Xilinx/Vivado/2019.1/common/technology/xilinx/scripts/xilinxcoregen.gen 
Execute           source D:/Xilinx/Vivado/2019.1/common/technology/xilinx/interface/XilEDKCoreGen.gen 
Execute           source D:/Xilinx/Vivado/2019.1/common/technology/xilinx/ip/dds_compiler.gen 
Execute           source D:/Xilinx/Vivado/2019.1/common/technology/xilinx/ip/util.gen 
Execute           source D:/Xilinx/Vivado/2019.1/common/technology/xilinx/ip/xfft.gen 
Execute           source D:/Xilinx/Vivado/2019.1/common/technology/xilinx/ip/xfir.gen 
Execute           source D:/Xilinx/Vivado/2019.1/common/technology/xilinx/common/dsp48.gen 
Command         ap_source done; 0.114 sec.
Command       ap_source done; 0.114 sec.
Execute       source D:/Xilinx/Vivado/2019.1/common/technology/xilinx/zynq/zynq_fpv6.gen 
Execute         source D:/Xilinx/Vivado/2019.1/common/technology/xilinx/common/xilinx_fp.gen 
INFO-FLOW: DBG:CMD:   using AESL_AUTOCG::g_clock_period=20.000 (was NA)
INFO-FLOW: DBG:CMD:       generate_ip_cores sim=1 export=0 expOnly=0 dstVlogDir=syn/verilog
Execute       source F:/BEng_Project/HLS_PRJ/v2/conv/conv/solution1/.autopilot/db/global.setting.tcl 
Execute       ap_part_info -name xc7z020-clg400-1 -data names -quiet 
Execute       ap_part_info -name xc7z020-clg400-1 -data info -quiet 
Execute       source F:/BEng_Project/HLS_PRJ/v2/conv/conv/solution1/.autopilot/db/global.setting.tcl 
Execute       source F:/BEng_Project/HLS_PRJ/v2/conv/conv/solution1/.autopilot/db/global.setting.tcl 
Execute       source F:/BEng_Project/HLS_PRJ/v2/conv/conv/solution1/.autopilot/db/conv.compgen.tcl 
Execute         ap_part_info -name xc7z020-clg400-1 -data names -quiet 
Execute         ap_part_info -name xc7z020-clg400-1 -data info -quiet 
INFO: [RTMG 210-282] Generating pipelined core: 'conv_sdiv_19s_9nsbkb_div'
Execute         ap_part_info -name xc7z020-clg400-1 -data names -quiet 
Execute         ap_part_info -name xc7z020-clg400-1 -data info -quiet 
INFO: [RTMG 210-282] Generating pipelined core: 'conv_urem_48ns_16cud_div'
Execute         ap_part_info -name xc7z020-clg400-1 -data names -quiet 
Execute         ap_part_info -name xc7z020-clg400-1 -data info -quiet 
Execute         ap_part_info -name xc7z020-clg400-1 -data names -quiet 
Execute         ap_part_info -name xc7z020-clg400-1 -data info -quiet 
Execute         ap_part_info -name xc7z020-clg400-1 -data names -quiet 
Execute         ap_part_info -name xc7z020-clg400-1 -data info -quiet 
Execute         ap_part_info -name xc7z020-clg400-1 -data names -quiet 
Execute         ap_part_info -name xc7z020-clg400-1 -data info -quiet 
Execute         ap_part_info -name xc7z020-clg400-1 -data info 
Execute         ap_part_info -name xc7z020-clg400-1 -data names -quiet 
Execute         ap_part_info -name xc7z020-clg400-1 -data info -quiet 
Execute         ap_part_info -name xc7z020-clg400-1 -data names -quiet 
Execute         ap_part_info -name xc7z020-clg400-1 -data info -quiet 
Execute         ap_part_info -name xc7z020-clg400-1 -data names -quiet 
Execute         ap_part_info -name xc7z020-clg400-1 -data info -quiet 
Execute         ap_part_info -name xc7z020-clg400-1 -data names -quiet 
Execute         ap_part_info -name xc7z020-clg400-1 -data info -quiet 
Execute         ap_part_info -name xc7z020-clg400-1 -data names -quiet 
Execute         ap_part_info -name xc7z020-clg400-1 -data info -quiet 
Execute         ap_part_info -name xc7z020-clg400-1 -data names -quiet 
Execute         ap_part_info -name xc7z020-clg400-1 -data info -quiet 
Execute         ap_part_info -name xc7z020-clg400-1 -data info 
Execute         ap_part_info -name xc7z020-clg400-1 -data names -quiet 
Execute         ap_part_info -name xc7z020-clg400-1 -data info -quiet 
Execute         ap_part_info -name xc7z020-clg400-1 -data info 
Execute         ap_part_info -name xc7z020-clg400-1 -data names -quiet 
Execute         ap_part_info -name xc7z020-clg400-1 -data info -quiet 
Execute         ap_part_info -name xc7z020-clg400-1 -data names -quiet 
Execute         ap_part_info -name xc7z020-clg400-1 -data info -quiet 
Execute         source ./AXILiteS.slave.tcl 
Execute         is_m_axi_addr64 
Execute         ap_part_info -name xc7z020-clg400-1 -data names -quiet 
Execute         ap_part_info -name xc7z020-clg400-1 -data info -quiet 
Execute         ap_part_info -name xc7z020-clg400-1 -data names -quiet 
Execute         ap_part_info -name xc7z020-clg400-1 -data info -quiet 
Execute         ap_part_info -name xc7z020-clg400-1 -data names -quiet 
Execute         ap_part_info -name xc7z020-clg400-1 -data info -quiet 
Command       ap_source done; 0.572 sec.
INFO-FLOW: DBG:CMD:     auto_generate -export -impltomg_flag -rtl both -tool Vivado -pcore_version 1.00.a -phase csynth_design -d F:/BEng_Project/HLS_PRJ/v2/conv/conv/solution1
Execute       source F:/BEng_Project/HLS_PRJ/v2/conv/conv/solution1/.autopilot/db/global.setting.tcl 
INFO-FLOW: DBG:CMD: read_platform_lib F:/BEng_Project/HLS_PRJ/v2/conv/conv/solution1/.autopilot/db/global.setting.tcl
Execute       source D:/Xilinx/Vivado/2019.1/common/technology/generic/autopilot/common.gen 
Execute         source D:/Xilinx/Vivado/2019.1/common/technology/generic/autopilot/APCoreGen.gen 
Execute       source D:/Xilinx/Vivado/2019.1/common/technology/generic/autopilot/op.gen 
Execute       source D:/Xilinx/Vivado/2019.1/common/technology/generic/autopilot/op_simcore.gen 
Execute       source D:/Xilinx/Vivado/2019.1/common/technology/generic/autopilot/interface.gen 
Execute       source F:/BEng_Project/HLS_PRJ/v2/conv/conv/solution1/.autopilot/db/global.setting.tcl 
Execute       source D:/Xilinx/Vivado/2019.1/common/technology/xilinx/zynq/zynq.gen 
Execute         source D:/Xilinx/Vivado/2019.1/common/technology/xilinx/common/xilinx.gen 
Execute           source D:/Xilinx/Vivado/2019.1/common/technology/xilinx/interface/plb46.gen 
Execute           source D:/Xilinx/Vivado/2019.1/common/technology/xilinx/interface/fsl.gen 
Execute           source D:/Xilinx/Vivado/2019.1/common/technology/xilinx/interface/axi4.gen 
Execute           source D:/Xilinx/Vivado/2019.1/common/technology/xilinx/interface/nativeAXI4.gen 
Execute             source D:/Xilinx/Vivado/2019.1/common/technology/xilinx/interface/saxilite.gen 
Execute             source D:/Xilinx/Vivado/2019.1/common/technology/xilinx/interface/maxi.gen 
Execute           source D:/Xilinx/Vivado/2019.1/common/technology/xilinx/scripts/xilinxcoregen.gen 
Execute           source D:/Xilinx/Vivado/2019.1/common/technology/xilinx/interface/XilEDKCoreGen.gen 
Execute           source D:/Xilinx/Vivado/2019.1/common/technology/xilinx/ip/dds_compiler.gen 
Execute           source D:/Xilinx/Vivado/2019.1/common/technology/xilinx/ip/util.gen 
Execute           source D:/Xilinx/Vivado/2019.1/common/technology/xilinx/ip/xfft.gen 
Execute           source D:/Xilinx/Vivado/2019.1/common/technology/xilinx/ip/xfir.gen 
Execute           source D:/Xilinx/Vivado/2019.1/common/technology/xilinx/common/dsp48.gen 
Command         ap_source done; 0.138 sec.
Command       ap_source done; 0.139 sec.
Execute       source D:/Xilinx/Vivado/2019.1/common/technology/xilinx/zynq/zynq_fpv6.gen 
Execute         source D:/Xilinx/Vivado/2019.1/common/technology/xilinx/common/xilinx_fp.gen 
INFO-FLOW: DBG:CMD:       initCTypeInfo top_module=conv xml_exists=0
Execute       source F:/BEng_Project/HLS_PRJ/v2/conv/conv/solution1/.autopilot/db/conv.rtl_wrap.cfg.tcl 
Execute       source F:/BEng_Project/HLS_PRJ/v2/conv/conv/solution1/.autopilot/db/conv.rtl_wrap.cfg.tcl 
Execute       source F:/BEng_Project/HLS_PRJ/v2/conv/conv/solution1/.autopilot/db/conv.rtl_wrap.cfg.tcl 
Execute       source F:/BEng_Project/HLS_PRJ/v2/conv/conv/solution1/.autopilot/db/conv.tbgen.tcl 
Execute       source F:/BEng_Project/HLS_PRJ/v2/conv/conv/solution1/.autopilot/db/conv.tbgen.tcl 
INFO-FLOW: DBG:CMD:       export_impl_rtl
INFO-FLOW: DBG:CMD:       generate_ip_cores sim=0 export=0 expOnly=0 dstVlogDir=impl/.verilog
Execute       source F:/BEng_Project/HLS_PRJ/v2/conv/conv/solution1/.autopilot/db/global.setting.tcl 
Execute       source F:/BEng_Project/HLS_PRJ/v2/conv/conv/solution1/.autopilot/db/conv.compgen.tcl 
INFO-FLOW: DBG:CMD:       generate_ip_cores sim=0 export=1 expOnly=1 dstVlogDir=impl/.pcores/verilog
Execute       source F:/BEng_Project/HLS_PRJ/v2/conv/conv/solution1/.autopilot/db/global.setting.tcl 
Execute       source F:/BEng_Project/HLS_PRJ/v2/conv/conv/solution1/.autopilot/db/conv.compgen.tcl 
Execute         ap_part_info -name xc7z020-clg400-1 -data names -quiet 
Execute         ap_part_info -name xc7z020-clg400-1 -data info -quiet 
Execute         ap_part_info -name xc7z020-clg400-1 -data names -quiet 
Execute         ap_part_info -name xc7z020-clg400-1 -data info -quiet 
Execute         ap_part_info -name xc7z020-clg400-1 -data names -quiet 
Execute         ap_part_info -name xc7z020-clg400-1 -data info -quiet 
Execute         ap_part_info -name xc7z020-clg400-1 -data names -quiet 
Execute         ap_part_info -name xc7z020-clg400-1 -data info -quiet 
Execute         ap_part_info -name xc7z020-clg400-1 -data names -quiet 
Execute         ap_part_info -name xc7z020-clg400-1 -data info -quiet 
Execute         ap_part_info -name xc7z020-clg400-1 -data names -quiet 
Execute         ap_part_info -name xc7z020-clg400-1 -data info -quiet 
Execute       ap_part_info -name xc7z020-clg400-1 -data names -quiet 
Execute       ap_part_info -name xc7z020-clg400-1 -data info -quiet 
INFO-FLOW: DBG:CMD:       generate_ip_cores sim=0 export=0 expOnly=0 dstVlogDir=impl/.pcores/verilog_sim
Execute       source F:/BEng_Project/HLS_PRJ/v2/conv/conv/solution1/.autopilot/db/global.setting.tcl 
Execute       source F:/BEng_Project/HLS_PRJ/v2/conv/conv/solution1/.autopilot/db/conv.compgen.tcl 
Execute       ap_part_info -name xc7z020-clg400-1 -data names -quiet 
Execute       ap_part_info -name xc7z020-clg400-1 -data info -quiet 
Execute       ap_part_info -name xc7z020-clg400-1 -data names -quiet 
Execute       ap_part_info -name xc7z020-clg400-1 -data info -quiet 
Execute       source F:/BEng_Project/HLS_PRJ/v2/conv/conv/solution1/.autopilot/db/global.setting.tcl 
Execute       ap_part_info -name xc7z020-clg400-1 -data names -quiet 
Execute       ap_part_info -name xc7z020-clg400-1 -data info -quiet 
Execute       source F:/BEng_Project/HLS_PRJ/v2/conv/conv/solution1/.autopilot/db/conv.constraint.tcl 
Execute       source F:/BEng_Project/HLS_PRJ/v2/conv/conv/solution1/.autopilot/db/conv.tbgen.tcl 
INFO-FLOW: DBG:CMD:       hasPcoreIpAdapter=false #gSsdmPorts=0
INFO-FLOW: DBG:CMD: Skipping loadAnalyze_DB, #g_database=21
INFO-FLOW: DBG:CMD:       generate_json is_phase_csynth=1 g_has_adaptors=false generate_bd_files=0 #modelList=20 #gSsdmPorts=0
Execute       source D:/Xilinx/Vivado/2019.1/tps/tcl/tcllib1.11.1/fileutil/fileutil.tcl 
Execute         source D:/Xilinx/Vivado/2019.1/tps/tcl/tcllib1.11.1/cmdline/cmdline.tcl 
Execute       source F:/BEng_Project/HLS_PRJ/v2/conv/conv/solution1/.autopilot/db/global.setting.tcl 
Execute       source F:/BEng_Project/HLS_PRJ/v2/conv/conv/solution1/.autopilot/db/global.setting.tcl 
Execute       get_config_export -xo 
Execute       source F:/BEng_Project/HLS_PRJ/v2/conv/conv/solution1/.autopilot/db/conv.tbgen.tcl 
Execute       source F:/BEng_Project/HLS_PRJ/v2/conv/conv/solution1/.autopilot/db/conv.compgen.dataonly.tcl 
Execute       source F:/BEng_Project/HLS_PRJ/v2/conv/conv/solution1/.autopilot/db/conv.compgen.dataonly.tcl 
Execute       source F:/BEng_Project/HLS_PRJ/v2/conv/conv/solution1/.autopilot/db/conv.tbgen.tcl 
Execute       source F:/BEng_Project/HLS_PRJ/v2/conv/conv/solution1/.autopilot/db/conv.tbgen.tcl 
Execute       source F:/BEng_Project/HLS_PRJ/v2/conv/conv/solution1/.autopilot/db/conv.tbgen.tcl 
Execute       source F:/BEng_Project/HLS_PRJ/v2/conv/conv/solution1/.autopilot/db/global.setting.tcl 
Execute       get_config_sdx -target 
Execute       source F:/BEng_Project/HLS_PRJ/v2/conv/conv/solution1/.autopilot/db/conv.rtl_wrap.cfg.tcl 
Execute       source F:/BEng_Project/HLS_PRJ/v2/conv/conv/solution1/.autopilot/db/conv.compgen.dataonly.tcl 
Execute       source F:/BEng_Project/HLS_PRJ/v2/conv/conv/solution1/.autopilot/db/global.setting.tcl 
Execute       ap_part_info -name xc7z020-clg400-1 -data names -quiet 
Execute       ap_part_info -name xc7z020-clg400-1 -data info -quiet 
Execute       source F:/BEng_Project/HLS_PRJ/v2/conv/conv/solution1/.autopilot/db/conv.constraint.tcl 
Execute       sc_get_clocks conv 
Execute       ap_part_info -name xc7z020-clg400-1 -data names -quiet 
Execute       ap_part_info -name xc7z020-clg400-1 -data info -quiet 
Execute       source F:/BEng_Project/HLS_PRJ/v2/conv/conv/solution1/.autopilot/db/global.setting.tcl 
Execute       get_config_debug -directory 
Execute       source F:/BEng_Project/HLS_PRJ/v2/conv/conv/solution1/.autopilot/db/conv.tbgen.tcl 
Execute       get_config_sdx -target 
Execute       get_config_sdx -profile 
Execute       get_config_rtl -kernel_profile 
Execute       get_config_rtl -stall_sig_gen 
Execute       get_config_rtl -profile 
INFO-FLOW: DBG:CMD: add_json_sdx_info kernel file does not exist, skipping opencl info: F:/BEng_Project/HLS_PRJ/v2/conv/conv/solution1/.autopilot/db/kernel.internal.xml
INFO-FLOW: DBG:CMD:       delete-temp-dirs (skipped for debug)
INFO: [HLS 200-111] Finished generating all RTL models Time (s): cpu = 00:00:05 ; elapsed = 00:00:21 . Memory (MB): peak = 212.840 ; gain = 121.277
INFO: [VHDL 208-304] Generating VHDL RTL for conv.
INFO: [VLOG 209-307] Generating Verilog RTL for conv.
Command     autosyn done; 5.722 sec.
Command   csynth_design done; 19.543 sec.
Command ap_source done; 20.125 sec.
Execute cleanup_all 
INFO-FLOW: Workspace F:/BEng_Project/HLS_PRJ/v2/conv/conv/solution1 opened at Sun Jan 16 09:35:21 +0000 2022
Execute     config_clock -quiet -name default -period 20 -default=false 
INFO: [SYN 201-201] Setting up clock 'default' with a period of 20ns.
Execute     open_platform DefaultPlatform 
Execute     import_lib D:/Xilinx/Vivado/2019.1/common/technology/xilinx/zynq/zynq 
Execute       source D:/Xilinx/Vivado/2019.1/common/technology/xilinx/common/xilinx.lib 
Execute         source D:/Xilinx/Vivado/2019.1/common/technology/xilinx/interface/xilinx_interface.lib 
Execute           source D:/Xilinx/Vivado/2019.1/common/technology/xilinx/interface/plb46.lib 
Execute           source D:/Xilinx/Vivado/2019.1/common/technology/xilinx/interface/fsl.lib 
Execute           source D:/Xilinx/Vivado/2019.1/common/technology/xilinx/interface/axi4.lib 
Execute           source D:/Xilinx/Vivado/2019.1/common/technology/xilinx/interface/maxi.lib 
Execute           source D:/Xilinx/Vivado/2019.1/common/technology/xilinx/interface/saxilite.lib 
Execute         source D:/Xilinx/Vivado/2019.1/common/technology/xilinx/common/dsp48.lib 
Execute         source D:/Xilinx/Vivado/2019.1/common/technology/xilinx/ip/dds_compiler.lib 
Execute         source D:/Xilinx/Vivado/2019.1/common/technology/xilinx/ip/xfft.lib 
Execute         source D:/Xilinx/Vivado/2019.1/common/technology/xilinx/ip/xfir.lib 
Execute       source D:/Xilinx/Vivado/2019.1/common/technology/xilinx/common/xilinx.hlp 
Execute         source D:/Xilinx/Vivado/2019.1/common/technology/xilinx/common/target_info.tcl 
Execute         source D:/Xilinx/Vivado/2019.1/common/technology/xilinx/interface/xilinx_interface.hlp 
Execute           source D:/Xilinx/Vivado/2019.1/common/technology/xilinx/interface/maxi.hlp 
Execute           source D:/Xilinx/Vivado/2019.1/common/technology/xilinx/interface/saxilite.hlp 
Execute         source D:/Xilinx/Vivado/2019.1/common/technology/xilinx/common/dsp48.hlp 
Execute       source D:/Xilinx/Vivado/2019.1/common/technology/xilinx/zynq/dsp48e1.hlp 
Execute       source D:/Xilinx/Vivado/2019.1/common/technology/xilinx/common/xilinx.hlp 
Execute         source D:/Xilinx/Vivado/2019.1/common/technology/xilinx/common/target_info.tcl 
Execute         source D:/Xilinx/Vivado/2019.1/common/technology/xilinx/interface/xilinx_interface.hlp 
Execute           source D:/Xilinx/Vivado/2019.1/common/technology/xilinx/interface/maxi.hlp 
Execute           source D:/Xilinx/Vivado/2019.1/common/technology/xilinx/interface/saxilite.hlp 
Execute         source D:/Xilinx/Vivado/2019.1/common/technology/xilinx/common/dsp48.hlp 
Execute     source D:/Xilinx/Vivado/2019.1/common/technology/xilinx/zynq/zynq.gen 
Execute       source D:/Xilinx/Vivado/2019.1/common/technology/xilinx/common/xilinx.gen 
Execute         source D:/Xilinx/Vivado/2019.1/common/technology/xilinx/interface/plb46.gen 
Execute         source D:/Xilinx/Vivado/2019.1/common/technology/xilinx/interface/fsl.gen 
Execute         source D:/Xilinx/Vivado/2019.1/common/technology/xilinx/interface/axi4.gen 
Execute         source D:/Xilinx/Vivado/2019.1/common/technology/xilinx/interface/nativeAXI4.gen 
Execute           source D:/Xilinx/Vivado/2019.1/common/technology/xilinx/interface/saxilite.gen 
Execute           source D:/Xilinx/Vivado/2019.1/common/technology/xilinx/interface/maxi.gen 
Execute         source D:/Xilinx/Vivado/2019.1/common/technology/xilinx/scripts/xilinxcoregen.gen 
Execute         source D:/Xilinx/Vivado/2019.1/common/technology/xilinx/interface/XilEDKCoreGen.gen 
Execute         source D:/Xilinx/Vivado/2019.1/common/technology/xilinx/ip/dds_compiler.gen 
Execute         source D:/Xilinx/Vivado/2019.1/common/technology/xilinx/ip/util.gen 
Execute         source D:/Xilinx/Vivado/2019.1/common/technology/xilinx/ip/xfft.gen 
Execute         source D:/Xilinx/Vivado/2019.1/common/technology/xilinx/ip/xfir.gen 
Execute         source D:/Xilinx/Vivado/2019.1/common/technology/xilinx/common/dsp48.gen 
Command       ap_source done; 0.136 sec.
Command     ap_source done; 0.136 sec.
Execute     open_platform DefaultPlatform 
Execute     import_lib D:/Xilinx/Vivado/2019.1/common/technology/xilinx/zynq/zynq_fpv6 
Execute       source D:/Xilinx/Vivado/2019.1/common/technology/xilinx/common/xilinx_fp.lib 
Execute       source D:/Xilinx/Vivado/2019.1/common/technology/xilinx/common/xilinx_fp.hlp 
Execute         source D:/Xilinx/Vivado/2019.1/common/technology/xilinx/common/xilinx.hlp 
Execute           source D:/Xilinx/Vivado/2019.1/common/technology/xilinx/common/target_info.tcl 
Execute           source D:/Xilinx/Vivado/2019.1/common/technology/xilinx/interface/xilinx_interface.hlp 
Execute             source D:/Xilinx/Vivado/2019.1/common/technology/xilinx/interface/maxi.hlp 
Execute             source D:/Xilinx/Vivado/2019.1/common/technology/xilinx/interface/saxilite.hlp 
Execute           source D:/Xilinx/Vivado/2019.1/common/technology/xilinx/common/dsp48.hlp 
Execute     source D:/Xilinx/Vivado/2019.1/common/technology/xilinx/zynq/zynq_fpv6.gen 
Execute       source D:/Xilinx/Vivado/2019.1/common/technology/xilinx/common/xilinx_fp.gen 
Execute     set_part xc7z020-clg400-1 
Execute       ap_part_info -name xc7z020-clg400-1 -data single -quiet 
Command       ap_part_info done; 0.201 sec.
Execute       ap_part_info -name xc7z020-clg400-1 -data info 
Execute       add_library xilinx/zynq/zynq:xc7z020:-clg400:-1 
Execute         get_default_platform 
Execute         license_isbetapart xc7z020 
Command         license_isbetapart done; error code: 1; 
Execute         ap_part_info -data single -name xc7z020-clg400-1 
Execute         ap_part_info -name xc7z020-clg400-1 -data resources 
Execute         ap_part_info -name xc7z020-clg400-1 -data info 
Execute         ap_part_info -name xc7z020-clg400-1 -data info 
Execute         config_chip_info -quiet -resource {SLICE 13300} {LUT 53200} {FF 106400} {DSP48E 220} {BRAM 280} {URAM 0} 
Execute         ap_part_info -name xc7z020-clg400-1 -data info 
Execute         config_chip_info -quiet -speed slow 
Execute       add_library xilinx/zynq/zynq_fpv6 
Execute         get_default_platform 
INFO: [HLS 200-10] Setting target device to 'xc7z020-clg400-1'
Execute       ap_part_info -name xc7z020-clg400-1 -data info 
Execute       get_default_platform 
Command     set_part done; 0.292 sec.
Execute     ap_part_info -data single -name xc7z020-clg400-1 
Execute     ap_part_info -name xc7z020-clg400-1 -data resources 
Execute     ap_part_info -name xc7z020-clg400-1 -data info 
Execute     ap_part_info -name xc7z020-clg400-1 -data info 
Execute     config_chip_info -quiet -resource {SLICE 13300} {LUT 53200} {FF 106400} {DSP48E 220} {BRAM 280} {URAM 0} 
Execute     ap_part_info -name xc7z020-clg400-1 -data info 
Execute     config_chip_info -quiet -speed slow 
Execute     config_export -format=ip_catalog 
Execute     config_export -rtl=verilog 
Execute     config_export -version=0.0.0 
Command   open_solution done; 0.491 sec.
Execute   export_design -rtl verilog -format ip_catalog -version 0.0.0 
Execute     get_config_export -acc 
Execute     get_config_export -clock_margin 
Execute     get_config_export -custom_script 
Execute     get_config_export -description 
Execute     get_config_export -display_name 
Execute     get_config_export -driver_input_dir 
Execute     get_config_export -ipname 
Execute     get_config_export -kernel_drc 
Execute     get_config_export -library 
Execute     get_config_export -qor_test 
Execute     get_config_export -sdaccel 
Execute     get_config_export -sim 
Execute     get_config_export -taxonomy 
Execute     get_config_export -use_ip 
Execute     get_config_export -use_netlist 
Execute     get_config_export -vendor 
Execute     get_config_export -xo 
Execute     config_export -format=ip_catalog -rtl=verilog -version=0.0.0 
INFO-FLOW: DBG:CMD: export_design_wrap: -format ip_catalog -rtl verilog -version 0.0.0
Execute     source F:/BEng_Project/HLS_PRJ/v2/conv/conv/solution1/.autopilot/db/global.setting.tcl 
Execute     get_config_export -vivado_clock 
Execute     get_top 
Execute     get_config_sdx -target 
Execute     get_config_rtl -module_auto_prefix 
Execute     get_config_sdx -target 
Execute     get_config_sdx -target 
INFO-FLOW: DBG:CMD:   auto_impl: pack: -export -tool vivado -rtl verilog -sdx-target none
Execute     source F:/BEng_Project/HLS_PRJ/v2/conv/conv/solution1/.autopilot/db/global.setting.tcl 
INFO-FLOW: DBG:CMD: read_platform_lib F:/BEng_Project/HLS_PRJ/v2/conv/conv/solution1/.autopilot/db/global.setting.tcl
Execute     source D:/Xilinx/Vivado/2019.1/common/technology/generic/autopilot/common.gen 
Execute       source D:/Xilinx/Vivado/2019.1/common/technology/generic/autopilot/APCoreGen.gen 
Execute     source D:/Xilinx/Vivado/2019.1/common/technology/generic/autopilot/op.gen 
Execute     source D:/Xilinx/Vivado/2019.1/common/technology/generic/autopilot/op_simcore.gen 
Execute     source D:/Xilinx/Vivado/2019.1/common/technology/generic/autopilot/interface.gen 
Execute     source F:/BEng_Project/HLS_PRJ/v2/conv/conv/solution1/.autopilot/db/global.setting.tcl 
Execute     source D:/Xilinx/Vivado/2019.1/common/technology/xilinx/zynq/zynq.gen 
Execute       source D:/Xilinx/Vivado/2019.1/common/technology/xilinx/common/xilinx.gen 
Execute         source D:/Xilinx/Vivado/2019.1/common/technology/xilinx/interface/plb46.gen 
Execute         source D:/Xilinx/Vivado/2019.1/common/technology/xilinx/interface/fsl.gen 
Execute         source D:/Xilinx/Vivado/2019.1/common/technology/xilinx/interface/axi4.gen 
Execute         source D:/Xilinx/Vivado/2019.1/common/technology/xilinx/interface/nativeAXI4.gen 
Execute           source D:/Xilinx/Vivado/2019.1/common/technology/xilinx/interface/saxilite.gen 
Execute           source D:/Xilinx/Vivado/2019.1/common/technology/xilinx/interface/maxi.gen 
Execute         source D:/Xilinx/Vivado/2019.1/common/technology/xilinx/scripts/xilinxcoregen.gen 
Execute         source D:/Xilinx/Vivado/2019.1/common/technology/xilinx/interface/XilEDKCoreGen.gen 
Execute         source D:/Xilinx/Vivado/2019.1/common/technology/xilinx/ip/dds_compiler.gen 
Execute         source D:/Xilinx/Vivado/2019.1/common/technology/xilinx/ip/util.gen 
Execute         source D:/Xilinx/Vivado/2019.1/common/technology/xilinx/ip/xfft.gen 
Execute         source D:/Xilinx/Vivado/2019.1/common/technology/xilinx/ip/xfir.gen 
Execute         source D:/Xilinx/Vivado/2019.1/common/technology/xilinx/common/dsp48.gen 
Command       ap_source done; 0.124 sec.
Command     ap_source done; 0.125 sec.
Execute     source D:/Xilinx/Vivado/2019.1/common/technology/xilinx/zynq/zynq_fpv6.gen 
Execute       source D:/Xilinx/Vivado/2019.1/common/technology/xilinx/common/xilinx_fp.gen 
INFO-FLOW: DBG:CMD:   using AESL_AUTOCG::g_clock_period=20.000 (was NA)
Execute     ap_part_info -name xc7z020-clg400-1 -data names -quiet 
Execute     ap_part_info -name xc7z020-clg400-1 -data info -quiet 
Execute     source F:/BEng_Project/HLS_PRJ/v2/conv/conv/solution1/.autopilot/db/global.setting.tcl 
INFO: [IMPL 213-8] Exporting RTL as a Vivado IP.
Execute     source F:/BEng_Project/HLS_PRJ/v2/conv/conv/solution1/.autopilot/db/global.setting.tcl 
INFO-FLOW: DBG:CMD: automg_wrap -export -pcore_version 1.00.a -rtl vlog -sdx-target none -tool Vivado -impltomg_flag
INFO-FLOW: DBG:CMD:     auto_generate -export -pcore_version 1.00.a -rtl vlog -sdx-target none -tool Vivado -impltomg_flag
Execute     source F:/BEng_Project/HLS_PRJ/v2/conv/conv/solution1/.autopilot/db/global.setting.tcl 
INFO-FLOW: DBG:CMD: read_platform_lib F:/BEng_Project/HLS_PRJ/v2/conv/conv/solution1/.autopilot/db/global.setting.tcl
Execute     source D:/Xilinx/Vivado/2019.1/common/technology/generic/autopilot/common.gen 
Execute       source D:/Xilinx/Vivado/2019.1/common/technology/generic/autopilot/APCoreGen.gen 
Execute     source D:/Xilinx/Vivado/2019.1/common/technology/generic/autopilot/op.gen 
Execute     source D:/Xilinx/Vivado/2019.1/common/technology/generic/autopilot/op_simcore.gen 
Execute     source D:/Xilinx/Vivado/2019.1/common/technology/generic/autopilot/interface.gen 
Execute     source F:/BEng_Project/HLS_PRJ/v2/conv/conv/solution1/.autopilot/db/global.setting.tcl 
Execute     source D:/Xilinx/Vivado/2019.1/common/technology/xilinx/zynq/zynq.gen 
Execute       source D:/Xilinx/Vivado/2019.1/common/technology/xilinx/common/xilinx.gen 
Execute         source D:/Xilinx/Vivado/2019.1/common/technology/xilinx/interface/plb46.gen 
Execute         source D:/Xilinx/Vivado/2019.1/common/technology/xilinx/interface/fsl.gen 
Execute         source D:/Xilinx/Vivado/2019.1/common/technology/xilinx/interface/axi4.gen 
Execute         source D:/Xilinx/Vivado/2019.1/common/technology/xilinx/interface/nativeAXI4.gen 
Execute           source D:/Xilinx/Vivado/2019.1/common/technology/xilinx/interface/saxilite.gen 
Execute           source D:/Xilinx/Vivado/2019.1/common/technology/xilinx/interface/maxi.gen 
Execute         source D:/Xilinx/Vivado/2019.1/common/technology/xilinx/scripts/xilinxcoregen.gen 
Execute         source D:/Xilinx/Vivado/2019.1/common/technology/xilinx/interface/XilEDKCoreGen.gen 
Execute         source D:/Xilinx/Vivado/2019.1/common/technology/xilinx/ip/dds_compiler.gen 
Execute         source D:/Xilinx/Vivado/2019.1/common/technology/xilinx/ip/util.gen 
Execute         source D:/Xilinx/Vivado/2019.1/common/technology/xilinx/ip/xfft.gen 
Execute         source D:/Xilinx/Vivado/2019.1/common/technology/xilinx/ip/xfir.gen 
Execute         source D:/Xilinx/Vivado/2019.1/common/technology/xilinx/common/dsp48.gen 
Command       ap_source done; 0.123 sec.
Command     ap_source done; 0.123 sec.
Execute     source D:/Xilinx/Vivado/2019.1/common/technology/xilinx/zynq/zynq_fpv6.gen 
Execute       source D:/Xilinx/Vivado/2019.1/common/technology/xilinx/common/xilinx_fp.gen 
INFO-FLOW: DBG:CMD:       initCTypeInfo top_module=conv xml_exists=1
Execute     source F:/BEng_Project/HLS_PRJ/v2/conv/conv/solution1/.autopilot/db/conv.rtl_wrap.cfg.tcl 
Execute     source F:/BEng_Project/HLS_PRJ/v2/conv/conv/solution1/.autopilot/db/conv.rtl_wrap.cfg.tcl 
Execute     source F:/BEng_Project/HLS_PRJ/v2/conv/conv/solution1/.autopilot/db/conv.rtl_wrap.cfg.tcl 
Execute     source F:/BEng_Project/HLS_PRJ/v2/conv/conv/solution1/.autopilot/db/conv.tbgen.tcl 
Execute     source F:/BEng_Project/HLS_PRJ/v2/conv/conv/solution1/.autopilot/db/conv.tbgen.tcl 
INFO-FLOW: DBG:CMD:       export_impl_rtl
INFO-FLOW: DBG:CMD:       generate_ip_cores sim=0 export=0 expOnly=0 dstVlogDir=impl/.verilog
Execute     source F:/BEng_Project/HLS_PRJ/v2/conv/conv/solution1/.autopilot/db/global.setting.tcl 
Execute     source F:/BEng_Project/HLS_PRJ/v2/conv/conv/solution1/.autopilot/db/conv.compgen.tcl 
INFO-FLOW: DBG:CMD:       generate_ip_cores sim=0 export=1 expOnly=1 dstVlogDir=impl/.pcores/verilog
Execute     source F:/BEng_Project/HLS_PRJ/v2/conv/conv/solution1/.autopilot/db/global.setting.tcl 
Execute     source F:/BEng_Project/HLS_PRJ/v2/conv/conv/solution1/.autopilot/db/conv.compgen.tcl 
Execute       ap_part_info -name xc7z020-clg400-1 -data names -quiet 
Execute       ap_part_info -name xc7z020-clg400-1 -data info -quiet 
Execute       ap_part_info -name xc7z020-clg400-1 -data names -quiet 
Execute       ap_part_info -name xc7z020-clg400-1 -data info -quiet 
Execute       ap_part_info -name xc7z020-clg400-1 -data names -quiet 
Execute       ap_part_info -name xc7z020-clg400-1 -data info -quiet 
Execute       ap_part_info -name xc7z020-clg400-1 -data names -quiet 
Execute       ap_part_info -name xc7z020-clg400-1 -data info -quiet 
Execute       ap_part_info -name xc7z020-clg400-1 -data names -quiet 
Execute       ap_part_info -name xc7z020-clg400-1 -data info -quiet 
Execute       ap_part_info -name xc7z020-clg400-1 -data names -quiet 
Execute       ap_part_info -name xc7z020-clg400-1 -data info -quiet 
Execute     ap_part_info -name xc7z020-clg400-1 -data names -quiet 
Execute     ap_part_info -name xc7z020-clg400-1 -data info -quiet 
INFO-FLOW: DBG:CMD:       generate_ip_cores sim=0 export=0 expOnly=0 dstVlogDir=impl/.pcores/verilog_sim
Execute     source F:/BEng_Project/HLS_PRJ/v2/conv/conv/solution1/.autopilot/db/global.setting.tcl 
Execute     source F:/BEng_Project/HLS_PRJ/v2/conv/conv/solution1/.autopilot/db/conv.compgen.tcl 
Execute     ap_part_info -name xc7z020-clg400-1 -data names -quiet 
Execute     ap_part_info -name xc7z020-clg400-1 -data info -quiet 
Execute     ap_part_info -name xc7z020-clg400-1 -data names -quiet 
Execute     ap_part_info -name xc7z020-clg400-1 -data info -quiet 
Execute     source F:/BEng_Project/HLS_PRJ/v2/conv/conv/solution1/.autopilot/db/global.setting.tcl 
Execute     ap_part_info -name xc7z020-clg400-1 -data names -quiet 
Execute     ap_part_info -name xc7z020-clg400-1 -data info -quiet 
Execute     source F:/BEng_Project/HLS_PRJ/v2/conv/conv/solution1/.autopilot/db/conv.constraint.tcl 
Execute     source F:/BEng_Project/HLS_PRJ/v2/conv/conv/solution1/.autopilot/db/conv.tbgen.tcl 
INFO-FLOW: DBG:CMD:       hasPcoreIpAdapter=false #gSsdmPorts=0
INFO-FLOW: DBG:CMD: Skipping loadAnalyze_DB, #g_database=21
INFO-FLOW: DBG:CMD:       generate_json is_phase_csynth=0 g_has_adaptors=false generate_bd_files=0 #modelList=20 #gSsdmPorts=0
Execute     source D:/Xilinx/Vivado/2019.1/tps/tcl/tcllib1.11.1/fileutil/fileutil.tcl 
Execute       source D:/Xilinx/Vivado/2019.1/tps/tcl/tcllib1.11.1/cmdline/cmdline.tcl 
Execute     source D:/Xilinx/Vivado/2019.1/tps/tcl/tcllib1.11.1/yaml/huddle.tcl 
Execute     source D:/Xilinx/Vivado/2019.1/tps/tcl/tcllib1.11.1/yaml/json2huddle.tcl 
Execute       source D:/Xilinx/Vivado/2019.1/tps/tcl/tcllib1.11.1/try/try.tcl 
Execute     source F:/BEng_Project/HLS_PRJ/v2/conv/conv/solution1/.autopilot/db/global.setting.tcl 
Execute     source F:/BEng_Project/HLS_PRJ/v2/conv/conv/solution1/.autopilot/db/global.setting.tcl 
Execute     get_config_export -xo 
Execute     source F:/BEng_Project/HLS_PRJ/v2/conv/conv/solution1/.autopilot/db/conv.tbgen.tcl 
Execute     source F:/BEng_Project/HLS_PRJ/v2/conv/conv/solution1/.autopilot/db/conv.compgen.dataonly.tcl 
Execute     source F:/BEng_Project/HLS_PRJ/v2/conv/conv/solution1/.autopilot/db/conv.compgen.dataonly.tcl 
Execute     source F:/BEng_Project/HLS_PRJ/v2/conv/conv/solution1/.autopilot/db/conv.tbgen.tcl 
Execute     source F:/BEng_Project/HLS_PRJ/v2/conv/conv/solution1/.autopilot/db/conv.tbgen.tcl 
Execute     source F:/BEng_Project/HLS_PRJ/v2/conv/conv/solution1/.autopilot/db/conv.tbgen.tcl 
Execute     source F:/BEng_Project/HLS_PRJ/v2/conv/conv/solution1/.autopilot/db/global.setting.tcl 
Execute     get_config_sdx -target 
Execute     source F:/BEng_Project/HLS_PRJ/v2/conv/conv/solution1/.autopilot/db/conv.rtl_wrap.cfg.tcl 
Execute     source F:/BEng_Project/HLS_PRJ/v2/conv/conv/solution1/.autopilot/db/conv.compgen.dataonly.tcl 
Execute     source F:/BEng_Project/HLS_PRJ/v2/conv/conv/solution1/.autopilot/db/global.setting.tcl 
Execute     ap_part_info -name xc7z020-clg400-1 -data names -quiet 
Execute     ap_part_info -name xc7z020-clg400-1 -data info -quiet 
Execute     source F:/BEng_Project/HLS_PRJ/v2/conv/conv/solution1/.autopilot/db/conv.constraint.tcl 
Execute     sc_get_clocks conv 
Execute     ap_part_info -name xc7z020-clg400-1 -data names -quiet 
Execute     ap_part_info -name xc7z020-clg400-1 -data info -quiet 
Execute     source F:/BEng_Project/HLS_PRJ/v2/conv/conv/solution1/.autopilot/db/global.setting.tcl 
Execute     get_config_debug -directory 
Execute     source F:/BEng_Project/HLS_PRJ/v2/conv/conv/solution1/.autopilot/db/conv.tbgen.tcl 
Execute     get_config_sdx -target 
Execute     get_config_sdx -profile 
Execute     get_config_rtl -kernel_profile 
Execute     get_config_rtl -stall_sig_gen 
Execute     get_config_rtl -profile 
INFO-FLOW: DBG:CMD: add_json_sdx_info kernel file does not exist, skipping opencl info: F:/BEng_Project/HLS_PRJ/v2/conv/conv/solution1/.autopilot/db/kernel.internal.xml
INFO-FLOW: DBG:CMD:       copying IP vlog from F:/BEng_Project/HLS_PRJ/v2/conv/conv/solution1/impl/verilog
INFO-FLOW: DBG:CMD:       copying IP vhdl from F:/BEng_Project/HLS_PRJ/v2/conv/conv/solution1/impl/vhdl
INFO-FLOW: DBG:CMD:       copy ip_driver_dir 0_0 F:/BEng_Project/HLS_PRJ/v2/conv/conv/solution1/.autopilot/db/driver
INFO-FLOW: DBG:CMD:       generate_ip_script #gSsdmPorts=0
Execute     ap_part_info -name xc7z020-clg400-1 -data names -quiet 
Execute     ap_part_info -name xc7z020-clg400-1 -data info -quiet 
Execute     ap_part_info -name xc7z020-clg400-1 -data names -quiet 
Execute     ap_part_info -name xc7z020-clg400-1 -data info -quiet 
Execute     source F:/BEng_Project/HLS_PRJ/v2/conv/conv/solution1/.autopilot/db/conv.compgen.dataonly.tcl 
Execute     source F:/BEng_Project/HLS_PRJ/v2/conv/conv/solution1/.autopilot/db/conv.compgen.dataonly.tcl 
Execute     source F:/BEng_Project/HLS_PRJ/v2/conv/conv/solution1/.autopilot/db/conv.tbgen.tcl 
Execute     source F:/BEng_Project/HLS_PRJ/v2/conv/conv/solution1/.autopilot/db/conv.tbgen.tcl 
Execute     source F:/BEng_Project/HLS_PRJ/v2/conv/conv/solution1/.autopilot/db/conv.tbgen.tcl 
Execute     source F:/BEng_Project/HLS_PRJ/v2/conv/conv/solution1/.autopilot/db/global.setting.tcl 
Execute     get_config_sdx -target 
Execute     get_config_debug -directory 
INFO-FLOW: DBG:CMD:       generate_ip_auxiliary
Execute     ap_part_info -name xc7z020-clg400-1 -data names -quiet 
Execute     ap_part_info -name xc7z020-clg400-1 -data info -quiet 
Execute     source F:/BEng_Project/HLS_PRJ/v2/conv/conv/solution1/.autopilot/db/global.setting.tcl 
INFO-FLOW: DBG:CMD:       prepArgInfo -> loadAnalyze_DB top_module=conv
Execute     source F:/BEng_Project/HLS_PRJ/v2/conv/conv/solution1/.autopilot/db/conv.rtl_wrap.cfg.tcl 
Execute     source F:/BEng_Project/HLS_PRJ/v2/conv/conv/solution1/.autopilot/db/conv.rtl_wrap.cfg.tcl 
Execute     source F:/BEng_Project/HLS_PRJ/v2/conv/conv/solution1/.autopilot/db/conv.rtl_wrap.cfg.tcl 
Execute     source F:/BEng_Project/HLS_PRJ/v2/conv/conv/solution1/.autopilot/db/conv.tbgen.tcl 
Execute     source F:/BEng_Project/HLS_PRJ/v2/conv/conv/solution1/.autopilot/db/conv.tbgen.tcl 
Execute     source F:/BEng_Project/HLS_PRJ/v2/conv/conv/solution1/.autopilot/db/conv.tbgen.tcl 
INFO-FLOW: DBG:CMD:       generate_top_info
INFO-FLOW: DBG:CMD:       prepArgInfo -> loadAnalyze_DB top_module=conv
Execute     source F:/BEng_Project/HLS_PRJ/v2/conv/conv/solution1/.autopilot/db/conv.rtl_wrap.cfg.tcl 
Execute     source F:/BEng_Project/HLS_PRJ/v2/conv/conv/solution1/.autopilot/db/conv.rtl_wrap.cfg.tcl 
Execute     source F:/BEng_Project/HLS_PRJ/v2/conv/conv/solution1/.autopilot/db/conv.rtl_wrap.cfg.tcl 
Execute     source F:/BEng_Project/HLS_PRJ/v2/conv/conv/solution1/.autopilot/db/conv.tbgen.tcl 
Execute     source F:/BEng_Project/HLS_PRJ/v2/conv/conv/solution1/.autopilot/db/conv.tbgen.tcl 
Execute     ap_part_info -name xc7z020-clg400-1 -data names -quiet 
Execute     ap_part_info -name xc7z020-clg400-1 -data info -quiet 
Execute     source F:/BEng_Project/HLS_PRJ/v2/conv/conv/solution1/.autopilot/db/global.setting.tcl 
Execute     ap_part_info -name xc7z020-clg400-1 -data names -quiet 
Execute     ap_part_info -name xc7z020-clg400-1 -data info -quiet 
Execute     ap_part_info -name xc7z020-clg400-1 -data names -quiet 
Execute     ap_part_info -name xc7z020-clg400-1 -data info -quiet 
Execute     source F:/BEng_Project/HLS_PRJ/v2/conv/conv/solution1/.autopilot/db/conv.tbgen.tcl 
Execute     source F:/BEng_Project/HLS_PRJ/v2/conv/conv/solution1/.autopilot/db/global.setting.tcl 
Execute     source F:/BEng_Project/HLS_PRJ/v2/conv/conv/solution1/.autopilot/db/conv.constraint.tcl 
INFO-FLOW: DBG:CMD:       generate_ipi_example_script
Execute     ap_part_info -name xc7z020-clg400-1 -data names -quiet 
Execute     ap_part_info -name xc7z020-clg400-1 -data info -quiet 
Execute     ap_part_info -name xc7z020-clg400-1 -data names -quiet 
Execute     ap_part_info -name xc7z020-clg400-1 -data info -quiet 
INFO-FLOW: DBG:CMD:       generate_syn_sh
Execute     ap_part_info -name xc7z020-clg400-1 -data names -quiet 
Execute     ap_part_info -name xc7z020-clg400-1 -data info -quiet 
Execute     source F:/BEng_Project/HLS_PRJ/v2/conv/conv/solution1/.autopilot/db/global.setting.tcl 
INFO-FLOW: DBG:CMD:       generate_imp_constraints
Execute     ap_part_info -name xc7z020-clg400-1 -data names -quiet 
Execute     ap_part_info -name xc7z020-clg400-1 -data info -quiet 
Execute     source F:/BEng_Project/HLS_PRJ/v2/conv/conv/solution1/.autopilot/db/conv.constraint.tcl 
Execute     source F:/BEng_Project/HLS_PRJ/v2/conv/conv/solution1/.autopilot/db/conv.tbgen.tcl 
INFO-FLOW: DBG:CMD:       delete-temp-dirs (skipped for debug)
Execute     ap_part_info -name xc7z020-clg400-1 -data names -quiet 
Execute     ap_part_info -name xc7z020-clg400-1 -data info -quiet 
INFO-FLOW: DBG:CMD: read_platform_lib F:/BEng_Project/HLS_PRJ/v2/conv/conv/solution1/.autopilot/db/global.setting.tcl
Execute     source D:/Xilinx/Vivado/2019.1/common/technology/generic/autopilot/common.gen 
Execute       source D:/Xilinx/Vivado/2019.1/common/technology/generic/autopilot/APCoreGen.gen 
Execute     source D:/Xilinx/Vivado/2019.1/common/technology/generic/autopilot/op.gen 
Execute     source D:/Xilinx/Vivado/2019.1/common/technology/generic/autopilot/op_simcore.gen 
Execute     source D:/Xilinx/Vivado/2019.1/common/technology/generic/autopilot/interface.gen 
Execute     source F:/BEng_Project/HLS_PRJ/v2/conv/conv/solution1/.autopilot/db/global.setting.tcl 
Execute     source D:/Xilinx/Vivado/2019.1/common/technology/xilinx/zynq/zynq.gen 
Execute       source D:/Xilinx/Vivado/2019.1/common/technology/xilinx/common/xilinx.gen 
Execute         source D:/Xilinx/Vivado/2019.1/common/technology/xilinx/interface/plb46.gen 
Execute         source D:/Xilinx/Vivado/2019.1/common/technology/xilinx/interface/fsl.gen 
Execute         source D:/Xilinx/Vivado/2019.1/common/technology/xilinx/interface/axi4.gen 
Execute         source D:/Xilinx/Vivado/2019.1/common/technology/xilinx/interface/nativeAXI4.gen 
Execute           source D:/Xilinx/Vivado/2019.1/common/technology/xilinx/interface/saxilite.gen 
Execute           source D:/Xilinx/Vivado/2019.1/common/technology/xilinx/interface/maxi.gen 
Execute         source D:/Xilinx/Vivado/2019.1/common/technology/xilinx/scripts/xilinxcoregen.gen 
Execute         source D:/Xilinx/Vivado/2019.1/common/technology/xilinx/interface/XilEDKCoreGen.gen 
Execute         source D:/Xilinx/Vivado/2019.1/common/technology/xilinx/ip/dds_compiler.gen 
Execute         source D:/Xilinx/Vivado/2019.1/common/technology/xilinx/ip/util.gen 
Execute         source D:/Xilinx/Vivado/2019.1/common/technology/xilinx/ip/xfft.gen 
Execute         source D:/Xilinx/Vivado/2019.1/common/technology/xilinx/ip/xfir.gen 
Execute         source D:/Xilinx/Vivado/2019.1/common/technology/xilinx/common/dsp48.gen 
Command       ap_source done; 0.117 sec.
Command     ap_source done; 0.117 sec.
Execute     source D:/Xilinx/Vivado/2019.1/common/technology/xilinx/zynq/zynq_fpv6.gen 
Execute       source D:/Xilinx/Vivado/2019.1/common/technology/xilinx/common/xilinx_fp.gen 
Execute     ap_part_info -name xc7z020-clg400-1 -data names -quiet 
Execute     ap_part_info -name xc7z020-clg400-1 -data info -quiet 
INFO-FLOW: DBG:CMD:     exec F:/BEng_Project/HLS_PRJ/v2/conv/conv/solution1/impl/ip/pack.bat
Command   export_design done; 10.119 sec.
Command ap_source done; 10.615 sec.
Execute cleanup_all 
